Log file open, 07/10/16 13:42:59
LogInit:Display: Running engine for game: Biker
LogPlatformFile: Not using cached read wrapper
LogInit:Display: RandInit(-28525489) SRandInit(-28525487).
LogTaskGraph: Started task graph with 4 named threads and 5 total threads with 1 sets of task threads.
LogStats: Stats thread started at 0.130236
LogInit: Version: 4.12.4-3028348+++UE4+Release-4.12
LogInit: API Version: 2992821
LogInit: Net Version: 3028348
LogDevObjectVersion: Number of dev versions registered: 13
LogDevObjectVersion:   Dev-Blueprints (B0D832E4-1F89-4F0D-ACCF-7EB736FD4AA2): 3
LogDevObjectVersion:   Dev-Build (E1C64328-A22C-4D53-A36C-8E866417BD8C): 0
LogDevObjectVersion:   Dev-Core (375EC13C-06E4-48FB-B500-84F0262A717E): 1
LogDevObjectVersion:   Dev-Editor (E4B068ED-F494-42E9-A231-DA0B2E46BB41): 2
LogDevObjectVersion:   Dev-Framework (CFFC743F-43B0-4480-9391-14DF171D2073): 6
LogDevObjectVersion:   Dev-Mobile (B02B49B5-BB20-44E9-A304-32B752E40360): 0
LogDevObjectVersion:   Dev-Networking (A4E4105C-59A1-49B5-A7C5-40C4547EDFEE): 0
LogDevObjectVersion:   Dev-Online (39C831C9-5AE6-47DC-9A44-9C173E1C8E7C): 0
LogDevObjectVersion:   Dev-Physics (78F01B33-EBEA-4F98-B9B4-84EACCB95AA2): 0
LogDevObjectVersion:   Dev-Platform (6631380F-2D4D-43E0-8009-CF276956A95A): 0
LogDevObjectVersion:   Dev-Rendering (12F88B9F-8875-4AFC-A67C-D90C383ABD29): 2
LogDevObjectVersion:   Dev-Sequencer (7B5AE74C-D270-4C10-A958-57980B212A5A): 0
LogDevObjectVersion:   Dev-VR (D7296918-1DD6-4BDD-9DE2-64A83CC13884): 0
LogInit: Compiled (64-bit): Jun 27 2016 09:29:04
LogInit: Compiled with Visual C++: 19.00.23026.00
LogInit: Build Configuration: Development
LogInit: Branch Name: ++UE4+Release-4.12
LogInit: Command line:  
LogInit: Base directory: C:/Program Files (x86)/Epic Games/4.12/Engine/Binaries/Win64/
LogInit: Installed Engine Build: 1
LogInit: Using libcurl 7.41.0
LogInit:  - built for x86_64-pc-win32
LogInit:  - supports SSL with WinSSL
LogInit:  - other features:
LogInit:      CURL_VERSION_SSL
LogInit:      CURL_VERSION_IPV6
LogInit:      CURL_VERSION_ASYNCHDNS
LogInit:      CURL_VERSION_LARGEFILE
LogInit:      CURL_VERSION_IDN
LogInit:  CurlRequestOptions (configurable via config and command line):
LogInit:  - bVerifyPeer = true  - Libcurl will verify peer certificate
LogInit:  - bUseHttpProxy = false  - Libcurl will NOT use HTTP proxy
LogInit:  - bDontReuseConnections = false  - Libcurl will reuse connections
LogInit:  - CertBundlePath = nullptr  - Libcurl will use whatever was configured at build time.
LogInit: Presizing for max 8388607 objects, including 0 objects not considered by GC, pre-allocating 0 bytes for permanent pool.
LogInit: Object subsystem initialized
[2016.07.10-10.42.59:596][  0]LogInit: Selected Device Profile: [Windows]
[2016.07.10-10.42.59:596][  0]LogInit: Applying CVar settings loaded from the selected device profile: [Windows]
[2016.07.10-10.42.59:616][  0]LogInit: Computer: COMP-XUEMP
[2016.07.10-10.42.59:616][  0]LogInit: User: Дамир
[2016.07.10-10.42.59:616][  0]LogInit: CPU Page size=65536, Cores=2
[2016.07.10-10.42.59:616][  0]LogInit: High frequency timer resolution =2.435882 MHz
[2016.07.10-10.42.59:616][  0]LogMemory: Memory total: Physical=5.9GB (6GB approx)
[2016.07.10-10.42.59:617][  0]LogMemory: Platform Memory Stats for Windows
[2016.07.10-10.42.59:617][  0]LogMemory: Process Physical Memory: 189.69 MB used, 189.69 MB peak
[2016.07.10-10.42.59:617][  0]LogMemory: Process Virtual Memory: 194.74 MB used, 194.74 MB peak
[2016.07.10-10.42.59:617][  0]LogMemory: Physical Memory: 2578.17 MB used, 6091.28 MB total
[2016.07.10-10.42.59:617][  0]LogMemory: Virtual Memory: 552.01 MB used, 134217728.00 MB total
[2016.07.10-10.43.00:358][  0]LogTextLocalizationManager: No translations for ('ru-RU') exist, falling back to 'en' for localization and internationalization data.
[2016.07.10-10.43.00:977][  0]LogD3D11RHI: D3D11 adapters:
[2016.07.10-10.43.00:987][  0]LogD3D11RHI:    0. 'AMD Radeon HD 7500M/7600M Series' (Feature Level 11_0)
[2016.07.10-10.43.00:987][  0]LogD3D11RHI:       1006/0/2816 MB DedicatedVideo/DedicatedSystem/SharedSystem, Outputs:1, VendorId:0x1002
[2016.07.10-10.43.00:989][  0]LogD3D11RHI:    1. 'Microsoft Basic Render Driver' (Feature Level 11_0)
[2016.07.10-10.43.00:989][  0]LogD3D11RHI:       0/0/3045 MB DedicatedVideo/DedicatedSystem/SharedSystem, Outputs:0, VendorId:0x1414
[2016.07.10-10.43.00:989][  0]LogD3D11RHI: Chosen D3D11 Adapter: 0
[2016.07.10-10.43.00:993][  0]LogD3D11RHI: Creating new Direct3DDevice
[2016.07.10-10.43.00:993][  0]LogD3D11RHI:     GPU DeviceId: 0x6841 (for the marketing name, search the web for "GPU Device Id")
[2016.07.10-10.43.00:993][  0]LogWindows: EnumDisplayDevices:
[2016.07.10-10.43.00:993][  0]LogWindows:    0. 'AMD Radeon HD 7500M/7600M Series' (P:1 D:1)
[2016.07.10-10.43.00:993][  0]LogWindows:    1. 'AMD Radeon HD 7500M/7600M Series' (P:0 D:0)
[2016.07.10-10.43.00:993][  0]LogWindows: DebugString: FoundDriverCount:2 
[2016.07.10-10.43.00:993][  0]LogD3D11RHI:     Adapter Name: AMD Radeon HD 7500M/7600M Series
[2016.07.10-10.43.00:993][  0]LogD3D11RHI:   Driver Version: 15.201.1151.1008 (internal:15.201.1151.1008, unified:15.201.1151.1008)
[2016.07.10-10.43.00:993][  0]LogD3D11RHI:      Driver Date: 11-4-2015
[2016.07.10-10.43.00:993][  0]LogRHI: Texture pool is 704 MB (70% of 1006 MB)
[2016.07.10-10.43.01:001][  0]LogD3D11RHI: Async texture creation disabled: no driver support
[2016.07.10-10.43.01:014][  0]LogD3D11RHI: GPU Timing Frequency: 27.000000 (Debug: 2 1)
[2016.07.10-10.43.01:014][  0]LogShaderCompilers: Guid format shader working directory is 12 characters bigger than the processId version (../../../../../../Users/Дамир/Biker/Intermediate/Shaders/WorkingDirectory/7768/).
[2016.07.10-10.43.01:015][  0]LogShaderCompilers: Cleaned the shader compiler working directory 'C:/Users/85A1~1/AppData/Local/Temp/UnrealShaderWorkingDir/340FC7BA493E1C38FC5248AA0C004C54/'.
[2016.07.10-10.43.01:015][  0]LogShaderCompilers:Display: Using Local Shader Compiler.
[2016.07.10-10.43.04:003][  0]LogTemp:Display: Loaded TP AllDesktopTargetPlatform
[2016.07.10-10.43.04:017][  0]LogTemp:Display: Loaded TP WindowsClientTargetPlatform
[2016.07.10-10.43.04:032][  0]LogTemp:Display: Loaded TP WindowsNoEditorTargetPlatform
[2016.07.10-10.43.04:045][  0]LogTemp:Display: Loaded TP WindowsServerTargetPlatform
[2016.07.10-10.43.04:063][  0]LogTemp:Display: Loaded TP WindowsTargetPlatform
[2016.07.10-10.43.04:078][  0]LogTemp:Display: Loaded TP AndroidTargetPlatform
[2016.07.10-10.43.04:087][  0]LogTemp:Display: Loaded TP Android_ASTCTargetPlatform
[2016.07.10-10.43.04:103][  0]LogTemp:Display: Loaded TP Android_ATCTargetPlatform
[2016.07.10-10.43.04:119][  0]LogTemp:Display: Loaded TP Android_DXTTargetPlatform
[2016.07.10-10.43.04:130][  0]LogTemp:Display: Loaded TP Android_ETC1TargetPlatform
[2016.07.10-10.43.04:142][  0]LogTemp:Display: Loaded TP Android_ETC2TargetPlatform
[2016.07.10-10.43.04:169][  0]LogTemp:Display: Loaded TP Android_MultiTargetPlatform
[2016.07.10-10.43.04:169][  0]LogTemp:Display: Loaded TP Android_PVRTCTargetPlatform
[2016.07.10-10.43.04:171][  0]LogTemp:Display: Loaded TP HTML5TargetPlatform
[2016.07.10-10.43.04:297][  0]LogTemp:Display: Loaded TP IOSTargetPlatform
[2016.07.10-10.43.04:306][  0]LogTemp:Display: Loaded TP TVOSTargetPlatform
[2016.07.10-10.43.04:315][  0]LogTemp:Display: Loaded TP LinuxNoEditorTargetPlatform
[2016.07.10-10.43.04:325][  0]LogTemp:Display: Loaded TP LinuxServerTargetPlatform
[2016.07.10-10.43.04:337][  0]LogTemp:Display: Loaded TP LinuxTargetPlatform
[2016.07.10-10.43.04:337][  0]LogTargetPlatformManager:Display: Building Assets For Windows
[2016.07.10-10.43.05:791][  0]LogDerivedDataCache:Display: Max Cache Size: 512 MB
[2016.07.10-10.43.06:810][  0]LogDerivedDataCache: Loaded boot cache 1.02s 48MB C:/Users/Дамир/AppData/Local/UnrealEngine/4.12/DerivedDataCache/Boot.ddc.
[2016.07.10-10.43.06:811][  0]LogDerivedDataCache:Display: Loaded Boot cache: C:/Users/Дамир/AppData/Local/UnrealEngine/4.12/DerivedDataCache/Boot.ddc
[2016.07.10-10.43.06:811][  0]LogDerivedDataCache: FDerivedDataBackendGraph:  Pak pak cache file ../../../../../../Users/Дамир/Biker/DerivedDataCache/DDC.ddp not found, will not use a pak cache.
[2016.07.10-10.43.06:811][  0]LogDerivedDataCache: Unable to find inner node Pak for hierarchical cache Hierarchy.
[2016.07.10-10.43.06:811][  0]LogDerivedDataCache: FDerivedDataBackendGraph:  CompressedPak pak cache file ../../../../../../Users/Дамир/Biker/DerivedDataCache/Compressed.ddp not found, will not use a pak cache.
[2016.07.10-10.43.06:811][  0]LogDerivedDataCache: Unable to find inner node CompressedPak for hierarchical cache Hierarchy.
[2016.07.10-10.43.06:892][  0]LogDerivedDataCache:Display: Pak cache opened for reading ../../../Engine/DerivedDataCache/Compressed.ddp.
[2016.07.10-10.43.06:904][  0]LogDerivedDataCache: Using Local data cache path C:/Users/Дамир/AppData/Local/UnrealEngine/Common/DerivedDataCache: Writable
[2016.07.10-10.43.17:057][  0]LogInit: Selected Device Profile: [Windows]
[2016.07.10-10.43.17:060][  0]LogContentStreaming: Texture pool size is 0.00 MB
[2016.07.10-10.43.17:271][  0]LogMeshUtilities: No automatic mesh reduction module available
[2016.07.10-10.43.17:271][  0]LogMeshUtilities: No automatic mesh merging module available
[2016.07.10-10.43.17:271][  0]LogMeshUtilities: No distributed automatic mesh merging module available
[2016.07.10-10.43.17:591][  0]LogAssetRegistry: FAssetRegistry took 0.0223 seconds to start up
[2016.07.10-10.43.17:613][  0]LogPackageLocalizationCache: Processed 3 localized package path(s) for 1 prioritized culture(s) in 0.016903 seconds
[2016.07.10-10.43.17:621][  0]LogUObjectArray: 28739 objects as part of root set at end of initial load.
[2016.07.10-10.43.17:621][  0]LogUObjectAllocator: 5855624 out of 0 bytes used by permanent object pool.
[2016.07.10-10.43.17:621][  0]LogUObjectArray: CloseDisregardForGC: 0/0 objects in disregard for GC pool
[2016.07.10-10.43.17:633][  0]LogInit: WinSock: version 1.1 (2.2), MaxSocks=32767, MaxUdp=65467
[2016.07.10-10.43.17:922][  0]LogSlate: SlateFontCache - WITH_FREETYPE: 1, WITH_HARFBUZZ: 1
[2016.07.10-10.43.17:922][  0]LogSlate: SlateFontCache - WITH_FREETYPE: 1, WITH_HARFBUZZ: 1
[2016.07.10-10.43.25:991][  0]LogUdpMessaging: Initializing bridge on interface 0.0.0.0:0 to multicast group 230.0.0.1:6666.
[2016.07.10-10.43.26:612][  0]SourceControl: Info Source control is disabled
[2016.07.10-10.43.26:704][  0]SourceControl: Info Source control is disabled
[2016.07.10-10.43.26:713][  0]SourceControl: Info Source control is disabled
[2016.07.10-10.43.26:723][  0]SourceControl: Info Source control is disabled
[2016.07.10-10.43.27:083][  0]LogEngine: Initializing Engine...
[2016.07.10-10.43.27:431][  0]LogHMD: SteamVR failed to initialize.  Err: 110
[2016.07.10-10.43.27:432][  0]LogHMD: SteamVR failed to initialize.  Err: 110
[2016.07.10-10.43.27:601][  0]LogAIModule: Creating AISystem for world NewWorld
[2016.07.10-10.43.27:606][  0]LogInit: XAudio2 using 'Громкоговоритель и наушники (Realtek High Definition Audio)' : 2 channels at 44.1 kHz using 16 bits per sample (channel mask 0x3)
[2016.07.10-10.43.27:903][  0]LogInit: FAudioDevice initialized.
[2016.07.10-10.43.27:929][  0]LogDerivedDataCache: Saved boot cache 0.03s 48MB C:/Users/Дамир/AppData/Local/UnrealEngine/4.12/DerivedDataCache/Boot.ddc.
[2016.07.10-10.43.27:936][  0]LogInit: Texture streaming: Enabled
[2016.07.10-10.43.27:984][  0]LogInit: Transaction tracking system initialized
[2016.07.10-10.43.28:034][  0]BlueprintLog: New page: Editor Load
[2016.07.10-10.43.28:202][  0]LocalizationService: Info Localization service is disabled
[2016.07.10-10.43.28:393][  0]LogConsoleResponse:Display: 
[2016.07.10-10.43.29:818][  0]LogCook:Display: Max memory allowance for cook 8192mb
[2016.07.10-10.43.29:818][  0]LogCook:Display: Mobile HDR setting 1
[2016.07.10-10.43.30:728][  0]LogFileCache: Scanning file cache for directory 'C:/Users/Дамир/Biker/Content/' took 0.03s
[2016.07.10-10.43.30:781][  0]SourceControl: Info Source control is disabled
[2016.07.10-10.43.30:782][  0]Cmd: MAP LOAD FILE="../../../../../../Users/Дамир/Biker/Content/2DSideScrollerBP/Maps/2DSideScrollerExampleMap.umap" TEMPLATE=0 SHOWPROGRESS=1 FEATURELEVEL=3
[2016.07.10-10.43.30:783][  0]LightingResults: New page: Lighting Build
[2016.07.10-10.43.30:789][  0]MapCheck: New page: Map Check
[2016.07.10-10.43.30:790][  0]LightingResults: New page: Lighting Build
[2016.07.10-10.43.32:514][  0]LogAIModule: Creating AISystem for world 2DSideScrollerExampleMap
[2016.07.10-10.43.32:519][  0]LogEditorServer: Finished looking for orphan Actors (0.000 secs)
[2016.07.10-10.43.32:520][  0]Cmd: MAP CHECKDEP NOCLEARLOG
[2016.07.10-10.43.32:585][  0]MapCheck: Info Map check complete: 0 Error(s), 0 Warning(s), took 64.632ms to complete.
[2016.07.10-10.43.32:585][  0]LogFileHelpers: Loading map '2DSideScrollerExampleMap' took 1.804
[2016.07.10-10.43.32:862][  0]LogCollectionManager: Loaded 0 collections in 0.002404 seconds
[2016.07.10-10.43.32:902][  0]LogFileCache: Scanning file cache for directory 'C:/Users/Дамир/Biker/Saved/Collections/' took 0.01s
[2016.07.10-10.43.32:902][  0]LogFileCache: Scanning file cache for directory 'C:/Users/Дамир/Biker/Content/Developers/Дамир/Collections/' took 0.01s
[2016.07.10-10.43.32:902][  0]LogFileCache: Scanning file cache for directory 'C:/Users/Дамир/Biker/Content/Collections/' took 0.01s
[2016.07.10-10.43.32:902][  0]LogCollectionManager: Rebuilt the GUID cache for 0 collections in 0.000003 seconds
[2016.07.10-10.43.32:912][  0]LogContentBrowser: Native class hierarchy populated in 0.0098 seconds. Added 2047 classes and 369 folders.
[2016.07.10-10.43.32:917][  0]LogStats: UGameplayTagsManager::ConstructGameplayTagTree: Construct from data asset -  0.000 s
[2016.07.10-10.43.32:917][  0]LogStats: UGameplayTagsManager::ConstructGameplayTagTree: GameplayTagTreeChangedEvent.Broadcast -  0.000 s
[2016.07.10-10.43.32:917][  0]LogContentBrowser: Native class hierarchy updated for 'GameplayTags' in 0.0005 seconds. Added 12 classes and 0 folders.
[2016.07.10-10.43.32:923][  0]LogContentBrowser: Native class hierarchy updated for 'WidgetCarousel' in 0.0005 seconds. Added 0 classes and 0 folders.
[2016.07.10-10.43.34:136][  0]LogContentBrowser: Native class hierarchy updated for 'AddContentDialog' in 0.0007 seconds. Added 0 classes and 0 folders.
[2016.07.10-10.43.34:142][  0]LogContentBrowser: Native class hierarchy updated for 'SceneOutliner' in 0.0007 seconds. Added 1 classes and 2 folders.
[2016.07.10-10.43.34:214][  0]LogCrashTracker: Crashtracker disabled due to settings.
[2016.07.10-10.43.34:221][  0]LogUObjectGlobals:Warning: Failed to find object 'Class None.'
[2016.07.10-10.43.34:247][  0]LogContentBrowser: Native class hierarchy updated for 'HierarchicalLODOutliner' in 0.0004 seconds. Added 1 classes and 2 folders.
[2016.07.10-10.43.34:247][  0]LogLoad: Full Startup: 38.39 seconds (BP compile: 0.05 seconds)
[2016.07.10-10.43.34:247][  0]LogExternalProfiler: Found external profiler: VSPerf
[2016.07.10-10.43.34:247][  0]LogExternalProfiler: Using external profiler: VSPerf
[2016.07.10-10.43.34:587][  0]LogOcInput: OculusInput pre-init called
[2016.07.10-10.43.34:605][  0]LogContentStreaming: Texture pool size now 1000 MB
[2016.07.10-10.43.34:828][  0]LogRenderer: Reallocating scene render targets to support 752x372 (Frame:2).
[2016.07.10-10.43.35:349][  2]LogAssetRegistry: Asset discovery search completed in 17.7812 seconds
[2016.07.10-10.43.35:349][  2]LogCollectionManager: Rebuilt the object cache for 0 collections in 0.000001 seconds (found 0 objects)
[2016.07.10-10.43.35:349][  2]LogCollectionManager: Fixed up redirectors for 0 collections in 0.000047 seconds (updated 0 objects)
[2016.07.10-10.43.40:455][237]LogAIModule: Creating AISystem for world NewWorld
[2016.07.10-10.43.40:508][237]Cmd: MAP LOAD FILE="../../../../../../Users/Дамир/Biker/Content/2DSideScrollerBP/Maps/NewWorld.umap" TEMPLATE=0 SHOWPROGRESS=1 FEATURELEVEL=3
[2016.07.10-10.43.40:508][237]LightingResults: New page: Lighting Build
[2016.07.10-10.43.40:509][237]LoadErrors: New page: Loading map: NewWorld.umap
[2016.07.10-10.43.40:509][237]MapCheck: New page: Map Check
[2016.07.10-10.43.40:509][237]LightingResults: New page: Lighting Build
[2016.07.10-10.43.40:620][237]LogEditorServer: Finished looking for orphan Actors (0.000 secs)
[2016.07.10-10.43.40:666][237]Cmd: MAP CHECKDEP NOCLEARLOG
[2016.07.10-10.43.40:724][237]MapCheck: Info Map check complete: 0 Error(s), 0 Warning(s), took 57.12ms to complete.
[2016.07.10-10.43.40:725][237]LogFileHelpers: Loading map 'NewWorld' took 0.217
[2016.07.10-10.43.40:766][238]Cmd: UpdateLandscapeEditorData -warnings
[2016.07.10-10.43.40:769][238]Cmd: UpdateLandscapeEditorData
[2016.07.10-10.44.36:105][492]LogPlayLevel: PlayLevel: No blueprints needed recompiling
[2016.07.10-10.44.36:106][492]PIE: New page: PIE session: NewWorld (Jul 10, 2016, 4:44:36 PM)
[2016.07.10-10.44.36:106][492]LogPlayLevel: Creating play world package: /Game/2DSideScrollerBP/Maps/UEDPIE_0_NewWorld
[2016.07.10-10.44.36:125][492]LogPlayLevel: PIE: StaticDuplicateObject took: (0.019140s)
[2016.07.10-10.44.36:126][492]LogAIModule: Creating AISystem for world NewWorld
[2016.07.10-10.44.36:126][492]LogPlayLevel: PIE: World Init took: (0.000897s)
[2016.07.10-10.44.36:126][492]LogPlayLevel: PIE: Created PIE world by copying editor world from /Game/2DSideScrollerBP/Maps/NewWorld.NewWorld to /Game/2DSideScrollerBP/Maps/UEDPIE_0_NewWorld.NewWorld (0.020338s)
[2016.07.10-10.44.36:180][492]LogInit: XAudio2 using 'Громкоговоритель и наушники (Realtek High Definition Audio)' : 2 channels at 44.1 kHz using 16 bits per sample (channel mask 0x3)
[2016.07.10-10.44.36:218][492]LogInit: FAudioDevice initialized.
[2016.07.10-10.44.36:277][492]LogWorld: Game class is '2DSideScrollerGameMode_C'
[2016.07.10-10.44.36:290][492]LogWorld: Bringing World /Game/2DSideScrollerBP/Maps/UEDPIE_0_NewWorld.NewWorld up for play (max tick rate 60) at 2016.07.10-13.44.36
[2016.07.10-10.44.36:291][492]LogWorld: Bringing up level for play took: 0.012491
[2016.07.10-10.44.36:299][492]LogContentBrowser: Native class hierarchy updated for 'MovieSceneCapture' in 0.0005 seconds. Added 11 classes and 0 folders.
[2016.07.10-10.44.36:301][492]PIE: Info Play in editor start time for /Game/2DSideScrollerBP/Maps/UEDPIE_0_NewWorld 0.254
[2016.07.10-10.45.14:638][501]LogEditorViewport: Clicking on Actor (context menu): CameraActor (CameraActor)
[2016.07.10-10.45.19:787][703]Cmd: DELETE
[2016.07.10-10.45.19:787][703]Cmd: ACTOR DELETE
[2016.07.10-10.45.19:787][703]LogEditorActor: Deleted Actor: CameraActor
[2016.07.10-10.45.19:833][703]LogEditorActor: Deleted 1 Actors (0.046 secs)
[2016.07.10-10.45.22:002][830]LogPlayLevel: PlayLevel: No blueprints needed recompiling
[2016.07.10-10.45.22:002][830]PIE: New page: PIE session: NewWorld (Jul 10, 2016, 4:45:22 PM)
[2016.07.10-10.45.22:002][830]LogPlayLevel: Creating play world package: /Game/2DSideScrollerBP/Maps/UEDPIE_0_NewWorld
[2016.07.10-10.45.22:017][830]LogPlayLevel: PIE: StaticDuplicateObject took: (0.014764s)
[2016.07.10-10.45.22:018][830]LogAIModule: Creating AISystem for world NewWorld
[2016.07.10-10.45.22:018][830]LogPlayLevel: PIE: World Init took: (0.000964s)
[2016.07.10-10.45.22:018][830]LogPlayLevel: PIE: Created PIE world by copying editor world from /Game/2DSideScrollerBP/Maps/NewWorld.NewWorld to /Game/2DSideScrollerBP/Maps/UEDPIE_0_NewWorld.NewWorld (0.016025s)
[2016.07.10-10.45.22:040][830]LogInit: XAudio2 using 'Громкоговоритель и наушники (Realtek High Definition Audio)' : 2 channels at 44.1 kHz using 16 bits per sample (channel mask 0x3)
[2016.07.10-10.45.22:079][830]LogInit: FAudioDevice initialized.
[2016.07.10-10.45.22:127][830]LogWorld: Game class is '2DSideScrollerGameMode_C'
[2016.07.10-10.45.22:140][830]LogWorld: Bringing World /Game/2DSideScrollerBP/Maps/UEDPIE_0_NewWorld.NewWorld up for play (max tick rate 60) at 2016.07.10-13.45.22
[2016.07.10-10.45.22:141][830]LogWorld: Bringing up level for play took: 0.012856
[2016.07.10-10.45.22:143][830]PIE: Info Play in editor start time for /Game/2DSideScrollerBP/Maps/UEDPIE_0_NewWorld 0.095
[2016.07.10-10.46.13:829][662]Cmd: OBJ SAVEPACKAGE PACKAGE="/Game/2DSideScrollerBP/Maps/NewWorld" FILE="../../../../../../Users/Дамир/Biker/Content/2DSideScrollerBP/Maps/NewWorld.umap" SILENT=true AUTOSAVING=false KEEPDIRTY=false
[2016.07.10-10.46.14:004][662]LogSavePackage: Save=144.61ms
[2016.07.10-10.46.14:004][662]LogSavePackage: Moving '../../../../../../Users/Дамир/Biker/Saved/NewWorld86891E06410802153CBEF2BB05241883.tmp' to '../../../../../../Users/Дамир/Biker/Content/2DSideScrollerBP/Maps/NewWorld.umap'
[2016.07.10-10.46.14:011][662]LogSavePackage:Display: Finished SavePackage ../../../../../../Users/Дамир/Biker/Content/2DSideScrollerBP/Maps/NewWorld.umap
[2016.07.10-10.46.20:200][ 22]LogWindowsTextInputMethodSystem:Display: IME system now deactivated.
[2016.07.10-10.46.20:384][ 23]Cmd: QUIT_EDITOR
[2016.07.10-10.46.21:213][ 23]LogExit: Preparing to exit.
[2016.07.10-10.46.22:189][ 23]LogExit: Editor shut down
[2016.07.10-10.46.22:190][ 23]LogExit: Transaction tracking system shut down
[2016.07.10-10.46.22:333][ 23]LogObj: Freed 0b from 0 cluster array pools.
[2016.07.10-10.46.22:333][ 23]LogExit: Object subsystem successfully closed.
[2016.07.10-10.46.22:346][ 23]LogD3D11RHI: Shutdown
[2016.07.10-10.46.22:346][ 23]LogD3D11RHI: CleanupD3DDevice
[2016.07.10-10.46.22:383][ 23]LogD3D11RHI: ~FD3D11DynamicRHI
[2016.07.10-10.46.22:401][ 23]LogModuleManager: Shutting down and abandoning module MovieSceneCapture (214)
[2016.07.10-10.46.22:401][ 23]LogModuleManager: Shutting down and abandoning module HierarchicalLODOutliner (213)
[2016.07.10-10.46.22:401][ 23]LogModuleManager: Shutting down and abandoning module CrashTracker (212)
[2016.07.10-10.46.22:401][ 23]LogModuleManager: Shutting down and abandoning module SceneOutliner (211)
[2016.07.10-10.46.22:401][ 23]LogModuleManager: Shutting down and abandoning module WidgetCarousel (210)
[2016.07.10-10.46.22:401][ 23]LogModuleManager: Shutting down and abandoning module AddContentDialog (209)
[2016.07.10-10.46.22:402][ 23]LogModuleManager: Shutting down and abandoning module GameplayTags (208)
[2016.07.10-10.46.22:403][ 23]LogModuleManager: Shutting down and abandoning module EditorWidgets (207)
[2016.07.10-10.46.22:403][ 23]LogModuleManager: Shutting down and abandoning module CollectionManager (206)
[2016.07.10-10.46.22:403][ 23]LogModuleManager: Shutting down and abandoning module StatsViewer (205)
[2016.07.10-10.46.22:403][ 23]LogModuleManager: Shutting down and abandoning module FoliageEdit (204)
[2016.07.10-10.46.22:403][ 23]LogModuleManager: Shutting down and abandoning module LandscapeEditor (203)
[2016.07.10-10.46.22:403][ 23]LogModuleManager: Shutting down and abandoning module SceneDepthPickerMode (202)
[2016.07.10-10.46.22:403][ 23]LogModuleManager: Shutting down and abandoning module ActorPickerMode (201)
[2016.07.10-10.46.22:403][ 23]LogModuleManager: Shutting down and abandoning module GeometryMode (200)
[2016.07.10-10.46.22:403][ 23]LogModuleManager: Shutting down and abandoning module TextureAlignMode (199)
[2016.07.10-10.46.22:403][ 23]LogModuleManager: Shutting down and abandoning module BspMode (198)
[2016.07.10-10.46.22:403][ 23]LogModuleManager: Shutting down and abandoning module HardwareSurvey (197)
[2016.07.10-10.46.22:403][ 23]LogModuleManager: Shutting down and abandoning module SequenceRecorderSections (196)
[2016.07.10-10.46.22:403][ 23]LogModuleManager: Shutting down and abandoning module SequenceRecorder (195)
[2016.07.10-10.46.22:403][ 23]LogModuleManager: Shutting down and abandoning module AutomationWorker (194)
[2016.07.10-10.46.22:403][ 23]LogModuleManager: Shutting down and abandoning module MatineeToLevelSequence (193)
[2016.07.10-10.46.22:403][ 23]LogModuleManager: Shutting down and abandoning module PlacementMode (192)
[2016.07.10-10.46.22:403][ 23]LogModuleManager: Shutting down and abandoning module LevelSequenceEditor (191)
[2016.07.10-10.46.22:404][ 23]LogModuleManager: Shutting down and abandoning module CharacterAI (190)
[2016.07.10-10.46.22:404][ 23]LogModuleManager: Shutting down and abandoning module SmartSnapping (189)
[2016.07.10-10.46.22:404][ 23]LogModuleManager: Shutting down and abandoning module SessionServices (188)
[2016.07.10-10.46.22:404][ 23]LogModuleManager: Shutting down and abandoning module ViewportSnapping (187)
[2016.07.10-10.46.22:404][ 23]LogModuleManager: Shutting down and abandoning module LogVisualizer (186)
[2016.07.10-10.46.22:404][ 23]LogModuleManager: Shutting down and abandoning module GameProjectGeneration (185)
[2016.07.10-10.46.22:404][ 23]LogModuleManager: Shutting down and abandoning module IntroTutorials (184)
[2016.07.10-10.46.22:404][ 23]LogModuleManager: Shutting down and abandoning module EditorLiveStreaming (183)
[2016.07.10-10.46.22:404][ 23]LogModuleManager: Shutting down and abandoning module IOSPlatformEditor (182)
[2016.07.10-10.46.22:404][ 23]LogModuleManager: Shutting down and abandoning module HTML5PlatformEditor (181)
[2016.07.10-10.46.22:404][ 23]LogModuleManager: Shutting down and abandoning module AndroidDeviceDetection (180)
[2016.07.10-10.46.23:333][ 23]LogModuleManager: Shutting down and abandoning module AndroidPlatformEditor (179)
[2016.07.10-10.46.23:333][ 23]LogModuleManager: Shutting down and abandoning module IOSRuntimeSettings (178)
[2016.07.10-10.46.23:334][ 23]LogModuleManager: Shutting down and abandoning module AndroidRuntimeSettings (177)
[2016.07.10-10.46.23:334][ 23]LogModuleManager: Shutting down and abandoning module MergeActors (176)
[2016.07.10-10.46.23:334][ 23]LogModuleManager: Shutting down and abandoning module SizeMap (175)
[2016.07.10-10.46.23:334][ 23]LogModuleManager: Shutting down and abandoning module TreeMap (174)
[2016.07.10-10.46.23:334][ 23]LogModuleManager: Shutting down and abandoning module ReferenceViewer (173)
[2016.07.10-10.46.23:334][ 23]LogModuleManager: Shutting down and abandoning module LocalizationService (172)
[2016.07.10-10.46.23:334][ 23]LogModuleManager: Shutting down and abandoning module LocalizationDashboard (171)
[2016.07.10-10.46.23:334][ 23]LogModuleManager: Shutting down and abandoning module HardwareTargeting (170)
[2016.07.10-10.46.23:334][ 23]LogModuleManager: Shutting down and abandoning module DeviceProfileEditor (169)
[2016.07.10-10.46.23:334][ 23]LogModuleManager: Shutting down and abandoning module UndoHistory (168)
[2016.07.10-10.46.23:334][ 23]LogModuleManager: Shutting down and abandoning module UserFeedback (167)
[2016.07.10-10.46.23:334][ 23]LogModuleManager: Shutting down and abandoning module XmlParser (166)
[2016.07.10-10.46.23:334][ 23]LogModuleManager: Shutting down and abandoning module Blutility (165)
[2016.07.10-10.46.23:334][ 23]LogModuleManager: Shutting down and abandoning module ProjectTargetPlatformEditor (164)
[2016.07.10-10.46.23:334][ 23]LogModuleManager: Shutting down and abandoning module ProjectSettingsViewer (163)
[2016.07.10-10.46.23:334][ 23]LogModuleManager: Shutting down and abandoning module InputBindingEditor (162)
[2016.07.10-10.46.23:335][ 23]LogModuleManager: Shutting down and abandoning module EditorSettingsViewer (161)
[2016.07.10-10.46.23:335][ 23]LogModuleManager: Shutting down and abandoning module SettingsEditor (160)
[2016.07.10-10.46.23:335][ 23]LogModuleManager: Shutting down and abandoning module ProjectLauncher (159)
[2016.07.10-10.46.23:335][ 23]LogModuleManager: Shutting down and abandoning module SessionFrontend (158)
[2016.07.10-10.46.23:335][ 23]LogModuleManager: Shutting down and abandoning module ProfilerClient (157)
[2016.07.10-10.46.23:335][ 23]LogModuleManager: Shutting down and abandoning module TargetDeviceServices (156)
[2016.07.10-10.46.23:335][ 23]LogModuleManager: Shutting down and abandoning module DeviceManager (155)
[2016.07.10-10.46.23:377][ 23]LogModuleManager: Shutting down and abandoning module AutomationController (154)
[2016.07.10-10.46.23:377][ 23]LogModuleManager: Shutting down and abandoning module AutomationWindow (153)
[2016.07.10-10.46.23:377][ 23]LogModuleManager: Shutting down and abandoning module Layers (152)
[2016.07.10-10.46.23:377][ 23]LogModuleManager: Shutting down and abandoning module ComponentVisualizers (151)
[2016.07.10-10.46.23:377][ 23]LogModuleManager: Shutting down and abandoning module DetailCustomizations (150)
[2016.07.10-10.46.23:377][ 23]LogModuleManager: Shutting down and abandoning module PackagesDialog (149)
[2016.07.10-10.46.23:377][ 23]LogModuleManager: Shutting down and abandoning module Persona (148)
[2016.07.10-10.46.23:378][ 23]LogModuleManager: Shutting down and abandoning module Kismet (147)
[2016.07.10-10.46.23:378][ 23]LogModuleManager: Shutting down and abandoning module GraphEditor (146)
[2016.07.10-10.46.23:378][ 23]LogModuleManager: Shutting down and abandoning module ClassViewer (145)
[2016.07.10-10.46.23:378][ 23]LogModuleManager: Shutting down and abandoning module Toolbox (144)
[2016.07.10-10.46.23:378][ 23]LogModuleManager: Shutting down and abandoning module ModuleUI (143)
[2016.07.10-10.46.23:378][ 23]LogModuleManager: Shutting down and abandoning module MovieSceneTools (142)
[2016.07.10-10.46.23:378][ 23]LogModuleManager: Shutting down and abandoning module OutputLog (141)
[2016.07.10-10.46.23:378][ 23]LogModuleManager: Shutting down and abandoning module GammaUI (140)
[2016.07.10-10.46.23:378][ 23]LogModuleManager: Shutting down and abandoning module Documentation (139)
[2016.07.10-10.46.23:378][ 23]LogModuleManager: Shutting down and abandoning module StreamingPauseRendering (138)
[2016.07.10-10.46.23:378][ 23]LogModuleManager: Shutting down and abandoning module AnalyticsET (137)
[2016.07.10-10.46.23:378][ 23]LogModuleManager: Shutting down and abandoning module Analytics (136)
[2016.07.10-10.46.23:378][ 23]LogModuleManager: Shutting down and abandoning module PortalServices (135)
[2016.07.10-10.46.23:378][ 23]LogModuleManager: Shutting down and abandoning module PortalRpc (134)
[2016.07.10-10.46.23:378][ 23]LogModuleManager: Shutting down and abandoning module MessagingRpc (133)
[2016.07.10-10.46.23:378][ 23]LogModuleManager: Shutting down and abandoning module GameplayDebugger (132)
[2016.07.10-10.46.23:378][ 23]LogModuleManager: Shutting down and abandoning module AITestSuite (131)
[2016.07.10-10.46.23:378][ 23]LogModuleManager: Shutting down and abandoning module AIModule (130)
[2016.07.10-10.46.23:378][ 23]LogModuleManager: Shutting down and abandoning module ProfilerService (129)
[2016.07.10-10.46.23:488][ 23]LogModuleManager: Shutting down and abandoning module TaskGraph (128)
[2016.07.10-10.46.23:489][ 23]LogModuleManager: Shutting down and abandoning module SlateRemote (127)
[2016.07.10-10.46.23:489][ 23]LogModuleManager: Shutting down and abandoning module SteamVRController (126)
[2016.07.10-10.46.23:489][ 23]LogModuleManager: Shutting down and abandoning module SteamVR (125)
[2016.07.10-10.46.23:489][ 23]LogModuleManager: Shutting down and abandoning module ProceduralMeshComponent (124)
[2016.07.10-10.46.23:489][ 23]LogModuleManager: Shutting down and abandoning module OculusLibrary (123)
[2016.07.10-10.46.23:489][ 23]LogModuleManager: Shutting down and abandoning module OculusInput (122)
[2016.07.10-10.46.23:489][ 23]LogModuleManager: Shutting down and abandoning module CustomMeshComponent (121)
[2016.07.10-10.46.23:489][ 23]LogModuleManager: Shutting down and abandoning module CableComponent (120)
[2016.07.10-10.46.23:489][ 23]LogModuleManager: Shutting down and abandoning module ArchVisCharacter (119)
[2016.07.10-10.46.23:489][ 23]LogModuleManager: Shutting down and abandoning module MediaPlayerEditor (118)
[2016.07.10-10.46.23:489][ 23]LogModuleManager: Shutting down and abandoning module HTML5Networking (117)
[2016.07.10-10.46.23:489][ 23]LogModuleManager: Shutting down and abandoning module SuperSearch (116)
[2016.07.10-10.46.23:489][ 23]LogModuleManager: Shutting down and abandoning module SuperSearchEditor (115)
[2016.07.10-10.46.23:489][ 23]LogModuleManager: Shutting down and abandoning module SpeedTreeImporter (114)
[2016.07.10-10.46.23:489][ 23]LogModuleManager: Shutting down and abandoning module PluginBrowser (113)
[2016.07.10-10.46.23:489][ 23]LogModuleManager: Shutting down and abandoning module EpicSurvey (112)
[2016.07.10-10.46.23:489][ 23]LogModuleManager: Shutting down and abandoning module DesktopPlatform (111)
[2016.07.10-10.46.23:489][ 23]LogModuleManager: Shutting down and abandoning module VisualStudioSourceCodeAccess (110)
[2016.07.10-10.46.23:489][ 23]LogModuleManager: Shutting down and abandoning module UObjectPlugin (109)
[2016.07.10-10.46.23:489][ 23]LogModuleManager: Shutting down and abandoning module SubversionSourceControl (108)
[2016.07.10-10.46.23:490][ 23]LogModuleManager: Shutting down and abandoning module PerforceSourceControl (107)
[2016.07.10-10.46.23:490][ 23]LogModuleManager: Shutting down and abandoning module SourceControl (106)
[2016.07.10-10.46.23:490][ 23]LogModuleManager: Shutting down and abandoning module GitSourceControl (105)
[2016.07.10-10.46.23:490][ 23]LogModuleManager: Shutting down and abandoning module LightPropagationVolumeEditor (104)
[2016.07.10-10.46.23:490][ 23]LogModuleManager: Shutting down and abandoning module PaperTiledImporter (103)
[2016.07.10-10.46.23:490][ 23]LogModuleManager: Shutting down and abandoning module PaperSpriteSheetImporter (102)
[2016.07.10-10.46.23:490][ 23]LogModuleManager: Shutting down and abandoning module MeshPaint (101)
[2016.07.10-10.46.23:490][ 23]LogModuleManager: Shutting down and abandoning module PixelInspectorModule (100)
[2016.07.10-10.46.23:490][ 23]LogModuleManager: Shutting down and abandoning module HotReload (99)
[2016.07.10-10.46.23:491][ 23]LogModuleManager: Shutting down and abandoning module MainFrame (98)
[2016.07.10-10.46.23:492][ 23]LogModuleManager: Shutting down and abandoning module LevelEditor (97)
[2016.07.10-10.46.23:493][ 23]LogModuleManager: Shutting down and abandoning module ContentBrowser (96)
[2016.07.10-10.46.23:495][ 23]LogModuleManager: Shutting down and abandoning module Paper2DEditor (95)
[2016.07.10-10.46.23:495][ 23]LogModuleManager: Shutting down and abandoning module UdpMessaging (94)
[2016.07.10-10.46.23:596][ 23]LogModuleManager: Shutting down and abandoning module LightPropagationVolumeRuntime (93)
[2016.07.10-10.46.23:596][ 23]LogModuleManager: Shutting down and abandoning module Paper2D (92)
[2016.07.10-10.46.23:596][ 23]LogModuleManager: Shutting down and abandoning module WindowsMoviePlayer (91)
[2016.07.10-10.46.23:596][ 23]LogModuleManager: Shutting down and abandoning module Media (90)
[2016.07.10-10.46.23:596][ 23]LogModuleManager: Shutting down and abandoning module WmfMedia (89)
[2016.07.10-10.46.23:596][ 23]LogModuleManager: Shutting down and abandoning module MediaAssets (88)
[2016.07.10-10.46.23:596][ 23]LogModuleManager: Shutting down and abandoning module GameLiveStreaming (87)
[2016.07.10-10.46.23:596][ 23]LogModuleManager: Shutting down and abandoning module GameplayTagsEditor (86)
[2016.07.10-10.46.23:596][ 23]LogModuleManager: Shutting down and abandoning module OnlineBlueprintSupport (85)
[2016.07.10-10.46.23:596][ 23]LogModuleManager: Shutting down and abandoning module VREditor (84)
[2016.07.10-10.46.23:596][ 23]LogModuleManager: Shutting down and abandoning module GameplayTasksEditor (83)
[2016.07.10-10.46.23:596][ 23]LogModuleManager: Shutting down and abandoning module PropertyEditor (82)
[2016.07.10-10.46.23:597][ 23]LogModuleManager: Shutting down and abandoning module BehaviorTreeEditor (81)
[2016.07.10-10.46.23:597][ 23]LogModuleManager: Shutting down and abandoning module FunctionalTesting (80)
[2016.07.10-10.46.23:597][ 23]LogModuleManager: Shutting down and abandoning module CollisionAnalyzer (79)
[2016.07.10-10.46.23:597][ 23]LogModuleManager: Shutting down and abandoning module Sequencer (78)
[2016.07.10-10.46.23:597][ 23]LogModuleManager: Shutting down and abandoning module WorkspaceMenuStructure (77)
[2016.07.10-10.46.23:597][ 23]LogModuleManager: Shutting down and abandoning module MessageLog (76)
[2016.07.10-10.46.23:597][ 23]LogModuleManager: Shutting down and abandoning module AssetTools (75)
[2016.07.10-10.46.23:597][ 23]LogModuleManager: Shutting down and abandoning module UMGEditor (74)
[2016.07.10-10.46.23:597][ 23]LogModuleManager: Shutting down and abandoning module UMG (73)
[2016.07.10-10.46.23:597][ 23]LogModuleManager: Shutting down and abandoning module SlateReflector (72)
[2016.07.10-10.46.23:598][ 23]LogModuleManager: Shutting down and abandoning module Slate (71)
[2016.07.10-10.46.23:598][ 23]LogModuleManager: Shutting down and abandoning module EditorStyle (70)
[2016.07.10-10.46.23:604][ 23]LogModuleManager: Shutting down and abandoning module SourceCodeAccess (69)
[2016.07.10-10.46.23:604][ 23]LogModuleManager: Shutting down and abandoning module HeadMountedDisplay (68)
[2016.07.10-10.46.23:604][ 23]LogModuleManager: Shutting down and abandoning module XAudio2 (67)
[2016.07.10-10.46.23:604][ 23]LogModuleManager: Shutting down and abandoning module Networking (65)
[2016.07.10-10.46.23:604][ 23]LogModuleManager: Shutting down and abandoning module Core (64)
[2016.07.10-10.46.23:604][ 23]LogModuleManager: Shutting down and abandoning module DirectoryWatcher (63)
[2016.07.10-10.46.23:605][ 23]LogModuleManager: Shutting down and abandoning module AssetRegistry (62)
[2016.07.10-10.46.23:711][ 23]LogModuleManager: Shutting down and abandoning module KismetCompiler (61)
[2016.07.10-10.46.23:711][ 23]LogModuleManager: Shutting down and abandoning module PhysXFormats (60)
[2016.07.10-10.46.23:711][ 23]LogModuleManager: Shutting down and abandoning module MeshUtilities (59)
[2016.07.10-10.46.23:711][ 23]LogModuleManager: Shutting down and abandoning module DerivedDataCache (58)
[2016.07.10-10.46.23:812][ 23]LogDerivedDataCache: Shutdown
[2016.07.10-10.46.23:812][ 23]LogModuleManager: Shutting down and abandoning module VulkanShaderFormat (57)
[2016.07.10-10.46.23:812][ 23]LogModuleManager: Shutting down and abandoning module ShaderFormatOpenGL (56)
[2016.07.10-10.46.23:812][ 23]LogModuleManager: Shutting down and abandoning module ShaderFormatD3D (55)
[2016.07.10-10.46.23:812][ 23]LogModuleManager: Shutting down and abandoning module MetalShaderFormat (54)
[2016.07.10-10.46.23:812][ 23]LogModuleManager: Shutting down and abandoning module TextureFormatUncompressed (53)
[2016.07.10-10.46.23:812][ 23]LogModuleManager: Shutting down and abandoning module TextureFormatPVR (52)
[2016.07.10-10.46.23:812][ 23]LogModuleManager: Shutting down and abandoning module TextureFormatIntelISPCTexComp (51)
[2016.07.10-10.46.23:812][ 23]LogModuleManager: Shutting down and abandoning module TextureFormatDXT (50)
[2016.07.10-10.46.23:812][ 23]LogModuleManager: Shutting down and abandoning module ImageWrapper (49)
[2016.07.10-10.46.23:812][ 23]LogModuleManager: Shutting down and abandoning module TextureFormatASTC (48)
[2016.07.10-10.46.23:812][ 23]LogModuleManager: Shutting down and abandoning module TextureFormatAndroid (47)
[2016.07.10-10.46.23:813][ 23]LogModuleManager: Shutting down and abandoning module AudioFormatOpus (46)
[2016.07.10-10.46.23:813][ 23]LogModuleManager: Shutting down and abandoning module AudioFormatOgg (45)
[2016.07.10-10.46.23:813][ 23]LogModuleManager: Shutting down and abandoning module AudioFormatADPCM (44)
[2016.07.10-10.46.23:813][ 23]LogModuleManager: Shutting down and abandoning module LinuxTargetPlatform (43)
[2016.07.10-10.46.23:813][ 23]LogModuleManager: Shutting down and abandoning module LinuxServerTargetPlatform (42)
[2016.07.10-10.46.23:813][ 23]LogModuleManager: Shutting down and abandoning module LinuxNoEditorTargetPlatform (41)
[2016.07.10-10.46.23:813][ 23]LogModuleManager: Shutting down and abandoning module TVOSTargetPlatform (40)
[2016.07.10-10.46.23:813][ 23]LogModuleManager: Shutting down and abandoning module Messaging (39)
[2016.07.10-10.46.23:813][ 23]LogModuleManager: Shutting down and abandoning module IOSTargetPlatform (38)
[2016.07.10-10.46.23:813][ 23]LogModuleManager: Shutting down and abandoning module HTML5TargetPlatform (37)
[2016.07.10-10.46.23:813][ 23]LogModuleManager: Shutting down and abandoning module Android_PVRTCTargetPlatform (36)
[2016.07.10-10.46.23:813][ 23]LogModuleManager: Shutting down and abandoning module Android_MultiTargetPlatform (35)
[2016.07.10-10.46.23:813][ 23]LogModuleManager: Shutting down and abandoning module Android_ETC2TargetPlatform (34)
[2016.07.10-10.46.23:813][ 23]LogModuleManager: Shutting down and abandoning module Android_ETC1TargetPlatform (33)
[2016.07.10-10.46.23:813][ 23]LogModuleManager: Shutting down and abandoning module Android_DXTTargetPlatform (32)
[2016.07.10-10.46.23:813][ 23]LogModuleManager: Shutting down and abandoning module Android_ATCTargetPlatform (31)
[2016.07.10-10.46.23:813][ 23]LogModuleManager: Shutting down and abandoning module Android_ASTCTargetPlatform (30)
[2016.07.10-10.46.23:813][ 23]LogModuleManager: Shutting down and abandoning module AndroidTargetPlatform (29)
[2016.07.10-10.46.23:813][ 23]LogModuleManager: Shutting down and abandoning module WindowsTargetPlatform (28)
[2016.07.10-10.46.23:813][ 23]LogModuleManager: Shutting down and abandoning module WindowsServerTargetPlatform (27)
[2016.07.10-10.46.23:813][ 23]LogModuleManager: Shutting down and abandoning module WindowsNoEditorTargetPlatform (26)
[2016.07.10-10.46.23:813][ 23]LogModuleManager: Shutting down and abandoning module WindowsClientTargetPlatform (25)
[2016.07.10-10.46.23:813][ 23]LogModuleManager: Shutting down and abandoning module AllDesktopTargetPlatform (24)
[2016.07.10-10.46.23:813][ 23]LogModuleManager: Shutting down and abandoning module TargetPlatform (23)
[2016.07.10-10.46.23:813][ 23]LogModuleManager: Shutting down and abandoning module InputCore (22)
[2016.07.10-10.46.23:813][ 23]LogModuleManager: Shutting down and abandoning module Settings (21)
[2016.07.10-10.46.23:813][ 23]LogModuleManager: Shutting down and abandoning module OnlineSubsystem (19)
[2016.07.10-10.46.23:813][ 23]LogModuleManager: Shutting down and abandoning module HTTP (18)
[2016.07.10-10.46.25:316][ 23]LogModuleManager: Shutting down and abandoning module XMPP (17)
[2016.07.10-10.46.25:316][ 23]LogModuleManager: Shutting down and abandoning module OculusRift (16)
[2016.07.10-10.46.25:316][ 23]LogModuleManager: Shutting down and abandoning module ExampleDeviceProfileSelector (15)
[2016.07.10-10.46.25:316][ 23]LogModuleManager: Shutting down and abandoning module TextureCompressor (14)
[2016.07.10-10.46.25:316][ 23]LogModuleManager: Shutting down and abandoning module ShaderCore (13)
[2016.07.10-10.46.25:316][ 23]LogModuleManager: Shutting down and abandoning module Landscape (12)
[2016.07.10-10.46.25:316][ 23]LogModuleManager: Shutting down and abandoning module SlateRHIRenderer (11)
[2016.07.10-10.46.25:318][ 23]LogModuleManager: Shutting down and abandoning module OpenGLDrv (10)
[2016.07.10-10.46.25:318][ 23]LogModuleManager: Shutting down and abandoning module D3D11RHI (9)
[2016.07.10-10.46.25:318][ 23]LogModuleManager: Shutting down and abandoning module AnimGraphRuntime (8)
[2016.07.10-10.46.25:318][ 23]LogModuleManager: Shutting down and abandoning module Renderer (7)
[2016.07.10-10.46.25:318][ 23]LogModuleManager: Shutting down and abandoning module Engine (6)
[2016.07.10-10.46.25:318][ 23]LogModuleManager: Shutting down and abandoning module CoreUObject (5)
[2016.07.10-10.46.25:318][ 23]LogModuleManager: Shutting down and abandoning module NetworkFile (4)
[2016.07.10-10.46.25:318][ 23]LogModuleManager: Shutting down and abandoning module StreamingFile (3)
[2016.07.10-10.46.25:318][ 23]LogModuleManager: Shutting down and abandoning module SandboxFile (2)
[2016.07.10-10.46.25:318][ 23]LogModuleManager: Shutting down and abandoning module PakFile (1)
[2016.07.10-10.46.25:321][ 23]LogExit: Exiting.
[2016.07.10-10.46.25:323][ 23]Log file closed, 07/10/16 13:46:25
