Log file open, 08/07/16 14:14:32
LogInit:Display: Running engine for game: Biker
LogPlatformFile: Not using cached read wrapper
LogInit:Display: RandInit(-2085840620) SRandInit(-2085840617).
LogTaskGraph: Started task graph with 4 named threads and 5 total threads with 1 sets of task threads.
LogStats: Stats thread started at 0.229226
LogInit: Version: 4.12.4-3028348+++UE4+Release-4.12
LogInit: API Version: 2992821
LogInit: Net Version: 3028348
LogDevObjectVersion: Number of dev versions registered: 13
LogDevObjectVersion:   Dev-Blueprints (B0D832E4-1F89-4F0D-ACCF-7EB736FD4AA2): 3
LogDevObjectVersion:   Dev-Build (E1C64328-A22C-4D53-A36C-8E866417BD8C): 0
LogDevObjectVersion:   Dev-Core (375EC13C-06E4-48FB-B500-84F0262A717E): 1
LogDevObjectVersion:   Dev-Editor (E4B068ED-F494-42E9-A231-DA0B2E46BB41): 2
LogDevObjectVersion:   Dev-Framework (CFFC743F-43B0-4480-9391-14DF171D2073): 6
LogDevObjectVersion:   Dev-Mobile (B02B49B5-BB20-44E9-A304-32B752E40360): 0
LogDevObjectVersion:   Dev-Networking (A4E4105C-59A1-49B5-A7C5-40C4547EDFEE): 0
LogDevObjectVersion:   Dev-Online (39C831C9-5AE6-47DC-9A44-9C173E1C8E7C): 0
LogDevObjectVersion:   Dev-Physics (78F01B33-EBEA-4F98-B9B4-84EACCB95AA2): 0
LogDevObjectVersion:   Dev-Platform (6631380F-2D4D-43E0-8009-CF276956A95A): 0
LogDevObjectVersion:   Dev-Rendering (12F88B9F-8875-4AFC-A67C-D90C383ABD29): 2
LogDevObjectVersion:   Dev-Sequencer (7B5AE74C-D270-4C10-A958-57980B212A5A): 0
LogDevObjectVersion:   Dev-VR (D7296918-1DD6-4BDD-9DE2-64A83CC13884): 0
LogInit: Compiled (64-bit): Jun 27 2016 09:29:04
LogInit: Compiled with Visual C++: 19.00.23026.00
LogInit: Build Configuration: Development
LogInit: Branch Name: ++UE4+Release-4.12
LogInit: Command line:  
LogInit: Base directory: C:/Program Files (x86)/Epic Games/4.12/Engine/Binaries/Win64/
LogInit: Installed Engine Build: 1
LogInit: Using libcurl 7.41.0
LogInit:  - built for x86_64-pc-win32
LogInit:  - supports SSL with WinSSL
LogInit:  - other features:
LogInit:      CURL_VERSION_SSL
LogInit:      CURL_VERSION_IPV6
LogInit:      CURL_VERSION_ASYNCHDNS
LogInit:      CURL_VERSION_LARGEFILE
LogInit:      CURL_VERSION_IDN
LogInit:  CurlRequestOptions (configurable via config and command line):
LogInit:  - bVerifyPeer = true  - Libcurl will verify peer certificate
LogInit:  - bUseHttpProxy = false  - Libcurl will NOT use HTTP proxy
LogInit:  - bDontReuseConnections = false  - Libcurl will reuse connections
LogInit:  - CertBundlePath = nullptr  - Libcurl will use whatever was configured at build time.
LogInit: Presizing for max 8388607 objects, including 0 objects not considered by GC, pre-allocating 0 bytes for permanent pool.
LogInit: Object subsystem initialized
[2016.08.07-11.14.32:824][  0]LogInit: Selected Device Profile: [Windows]
[2016.08.07-11.14.32:824][  0]LogInit: Applying CVar settings loaded from the selected device profile: [Windows]
[2016.08.07-11.14.32:895][  0]LogInit: Computer: COMP-XUEMP
[2016.08.07-11.14.32:895][  0]LogInit: User: Дамир
[2016.08.07-11.14.32:895][  0]LogInit: CPU Page size=65536, Cores=2
[2016.08.07-11.14.32:895][  0]LogInit: High frequency timer resolution =2.435882 MHz
[2016.08.07-11.14.32:895][  0]LogMemory: Memory total: Physical=5.9GB (6GB approx)
[2016.08.07-11.14.32:895][  0]LogMemory: Platform Memory Stats for Windows
[2016.08.07-11.14.32:895][  0]LogMemory: Process Physical Memory: 189.76 MB used, 189.76 MB peak
[2016.08.07-11.14.32:895][  0]LogMemory: Process Virtual Memory: 194.83 MB used, 194.83 MB peak
[2016.08.07-11.14.32:895][  0]LogMemory: Physical Memory: 3465.65 MB used, 6091.28 MB total
[2016.08.07-11.14.32:895][  0]LogMemory: Virtual Memory: 552.27 MB used, 134217728.00 MB total
[2016.08.07-11.14.33:593][  0]LogTextLocalizationManager: No translations for ('ru-RU') exist, falling back to 'en' for localization and internationalization data.
[2016.08.07-11.14.34:236][  0]LogD3D11RHI: D3D11 adapters:
[2016.08.07-11.14.34:248][  0]LogD3D11RHI:    0. 'AMD Radeon HD 7500M/7600M Series' (Feature Level 11_0)
[2016.08.07-11.14.34:248][  0]LogD3D11RHI:       1006/0/2816 MB DedicatedVideo/DedicatedSystem/SharedSystem, Outputs:2, VendorId:0x1002
[2016.08.07-11.14.34:249][  0]LogD3D11RHI:    1. 'Microsoft Basic Render Driver' (Feature Level 11_0)
[2016.08.07-11.14.34:249][  0]LogD3D11RHI:       0/0/3045 MB DedicatedVideo/DedicatedSystem/SharedSystem, Outputs:0, VendorId:0x1414
[2016.08.07-11.14.34:249][  0]LogD3D11RHI: Chosen D3D11 Adapter: 0
[2016.08.07-11.14.34:254][  0]LogD3D11RHI: Creating new Direct3DDevice
[2016.08.07-11.14.34:254][  0]LogD3D11RHI:     GPU DeviceId: 0x6841 (for the marketing name, search the web for "GPU Device Id")
[2016.08.07-11.14.34:254][  0]LogWindows: EnumDisplayDevices:
[2016.08.07-11.14.34:254][  0]LogWindows:    0. 'AMD Radeon HD 7500M/7600M Series' (P:1 D:1)
[2016.08.07-11.14.34:254][  0]LogWindows:    1. 'AMD Radeon HD 7500M/7600M Series' (P:0 D:1)
[2016.08.07-11.14.34:254][  0]LogWindows: DebugString: FoundDriverCount:2 
[2016.08.07-11.14.34:254][  0]LogD3D11RHI:     Adapter Name: AMD Radeon HD 7500M/7600M Series
[2016.08.07-11.14.34:254][  0]LogD3D11RHI:   Driver Version: 15.201.1151.1008 (internal:15.201.1151.1008, unified:15.201.1151.1008)
[2016.08.07-11.14.34:255][  0]LogD3D11RHI:      Driver Date: 11-4-2015
[2016.08.07-11.14.34:255][  0]LogRHI: Texture pool is 704 MB (70% of 1006 MB)
[2016.08.07-11.14.34:273][  0]LogD3D11RHI: Async texture creation disabled: no driver support
[2016.08.07-11.14.34:287][  0]LogD3D11RHI: GPU Timing Frequency: 27.000000 (Debug: 2 1)
[2016.08.07-11.14.34:288][  0]LogShaderCompilers: Guid format shader working directory is 11 characters bigger than the processId version (../../../../../../Users/Дамир/Biker/Intermediate/Shaders/WorkingDirectory/10564/).
[2016.08.07-11.14.34:288][  0]LogShaderCompilers: Cleaned the shader compiler working directory 'C:/Users/85A1~1/AppData/Local/Temp/UnrealShaderWorkingDir/0F04EA5E420135CD08FFF883908878D1/'.
[2016.08.07-11.14.34:288][  0]LogShaderCompilers:Display: Using Local Shader Compiler.
[2016.08.07-11.14.45:977][  0]LogTemp:Display: Loaded TP AllDesktopTargetPlatform
[2016.08.07-11.14.45:992][  0]LogTemp:Display: Loaded TP WindowsClientTargetPlatform
[2016.08.07-11.14.46:003][  0]LogTemp:Display: Loaded TP WindowsNoEditorTargetPlatform
[2016.08.07-11.14.46:014][  0]LogTemp:Display: Loaded TP WindowsServerTargetPlatform
[2016.08.07-11.14.46:025][  0]LogTemp:Display: Loaded TP WindowsTargetPlatform
[2016.08.07-11.14.46:091][  0]LogTemp:Display: Loaded TP AndroidTargetPlatform
[2016.08.07-11.14.46:114][  0]LogTemp:Display: Loaded TP Android_ASTCTargetPlatform
[2016.08.07-11.14.46:136][  0]LogTemp:Display: Loaded TP Android_ATCTargetPlatform
[2016.08.07-11.14.46:156][  0]LogTemp:Display: Loaded TP Android_DXTTargetPlatform
[2016.08.07-11.14.46:167][  0]LogTemp:Display: Loaded TP Android_ETC1TargetPlatform
[2016.08.07-11.14.46:185][  0]LogTemp:Display: Loaded TP Android_ETC2TargetPlatform
[2016.08.07-11.14.46:214][  0]LogTemp:Display: Loaded TP Android_MultiTargetPlatform
[2016.08.07-11.14.46:214][  0]LogTemp:Display: Loaded TP Android_PVRTCTargetPlatform
[2016.08.07-11.14.46:214][  0]LogTemp:Display: Loaded TP HTML5TargetPlatform
[2016.08.07-11.14.46:346][  0]LogTemp:Display: Loaded TP IOSTargetPlatform
[2016.08.07-11.14.46:356][  0]LogTemp:Display: Loaded TP TVOSTargetPlatform
[2016.08.07-11.14.46:386][  0]LogTemp:Display: Loaded TP LinuxNoEditorTargetPlatform
[2016.08.07-11.14.46:411][  0]LogTemp:Display: Loaded TP LinuxServerTargetPlatform
[2016.08.07-11.14.46:470][  0]LogTemp:Display: Loaded TP LinuxTargetPlatform
[2016.08.07-11.14.46:471][  0]LogTargetPlatformManager:Display: Building Assets For Windows
[2016.08.07-11.14.48:190][  0]LogDerivedDataCache:Display: Max Cache Size: 512 MB
[2016.08.07-11.14.49:026][  0]LogDerivedDataCache: Loaded boot cache 0.84s 48MB C:/Users/Дамир/AppData/Local/UnrealEngine/4.12/DerivedDataCache/Boot.ddc.
[2016.08.07-11.14.49:027][  0]LogDerivedDataCache:Display: Loaded Boot cache: C:/Users/Дамир/AppData/Local/UnrealEngine/4.12/DerivedDataCache/Boot.ddc
[2016.08.07-11.14.49:027][  0]LogDerivedDataCache: FDerivedDataBackendGraph:  Pak pak cache file ../../../../../../Users/Дамир/Biker/DerivedDataCache/DDC.ddp not found, will not use a pak cache.
[2016.08.07-11.14.49:027][  0]LogDerivedDataCache: Unable to find inner node Pak for hierarchical cache Hierarchy.
[2016.08.07-11.14.49:027][  0]LogDerivedDataCache: FDerivedDataBackendGraph:  CompressedPak pak cache file ../../../../../../Users/Дамир/Biker/DerivedDataCache/Compressed.ddp not found, will not use a pak cache.
[2016.08.07-11.14.49:027][  0]LogDerivedDataCache: Unable to find inner node CompressedPak for hierarchical cache Hierarchy.
[2016.08.07-11.14.49:090][  0]LogDerivedDataCache:Display: Pak cache opened for reading ../../../Engine/DerivedDataCache/Compressed.ddp.
[2016.08.07-11.14.49:139][  0]LogDerivedDataCache: Using Local data cache path C:/Users/Дамир/AppData/Local/UnrealEngine/Common/DerivedDataCache: Writable
[2016.08.07-11.15.10:685][  0]LogInit: Selected Device Profile: [Windows]
[2016.08.07-11.15.10:861][  0]LogContentStreaming: Texture pool size is 0.00 MB
[2016.08.07-11.15.19:639][  0]LogMeshUtilities: No automatic mesh reduction module available
[2016.08.07-11.15.19:639][  0]LogMeshUtilities: No automatic mesh merging module available
[2016.08.07-11.15.19:639][  0]LogMeshUtilities: No distributed automatic mesh merging module available
[2016.08.07-11.15.30:320][  0]LogAssetRegistry: FAssetRegistry took 0.0248 seconds to start up
[2016.08.07-11.15.30:955][  0]LogPackageLocalizationCache: Processed 3 localized package path(s) for 1 prioritized culture(s) in 0.301310 seconds
[2016.08.07-11.15.31:126][  0]LogUObjectArray: 28739 objects as part of root set at end of initial load.
[2016.08.07-11.15.31:126][  0]LogUObjectAllocator: 5855624 out of 0 bytes used by permanent object pool.
[2016.08.07-11.15.31:126][  0]LogUObjectArray: CloseDisregardForGC: 0/0 objects in disregard for GC pool
[2016.08.07-11.15.31:266][  0]LogInit: WinSock: version 1.1 (2.2), MaxSocks=32767, MaxUdp=65467
[2016.08.07-11.15.44:932][  0]LogSlate: SlateFontCache - WITH_FREETYPE: 1, WITH_HARFBUZZ: 1
[2016.08.07-11.15.44:938][  0]LogSlate: SlateFontCache - WITH_FREETYPE: 1, WITH_HARFBUZZ: 1
[2016.08.07-11.16.10:308][  0]LogUdpMessaging: Initializing bridge on interface 0.0.0.0:0 to multicast group 230.0.0.1:6666.
[2016.08.07-11.16.13:399][  0]SourceControl: Info Source control is disabled
[2016.08.07-11.16.13:559][  0]SourceControl: Info Source control is disabled
[2016.08.07-11.16.13:673][  0]SourceControl: Info Source control is disabled
[2016.08.07-11.16.13:727][  0]SourceControl: Info Source control is disabled
[2016.08.07-11.16.16:840][  0]LogEngine: Initializing Engine...
[2016.08.07-11.16.16:965][  0]LogHMD: SteamVR failed to initialize.  Err: 110
[2016.08.07-11.16.17:082][  0]LogHMD: SteamVR failed to initialize.  Err: 110
[2016.08.07-11.16.19:058][  0]LogAIModule: Creating AISystem for world NewWorld
[2016.08.07-11.16.19:704][  0]LogInit: XAudio2 using 'Громкоговоритель и наушники (Realtek High Definition Audio)' : 2 channels at 44.1 kHz using 16 bits per sample (channel mask 0x3)
[2016.08.07-11.16.20:070][  0]LogInit: FAudioDevice initialized.
[2016.08.07-11.16.20:125][  0]LogDerivedDataCache: Saved boot cache 0.05s 48MB C:/Users/Дамир/AppData/Local/UnrealEngine/4.12/DerivedDataCache/Boot.ddc.
[2016.08.07-11.16.20:133][  0]LogInit: Texture streaming: Enabled
[2016.08.07-11.16.23:919][  0]LogInit: Transaction tracking system initialized
[2016.08.07-11.16.30:537][  0]BlueprintLog: New page: Editor Load
[2016.08.07-11.16.38:823][  0]LocalizationService: Info Localization service is disabled
[2016.08.07-11.16.42:627][  0]LogConsoleResponse:Display: 
[2016.08.07-11.16.56:038][  0]LogFileCache: Scanning file cache for directory 'C:/Users/Дамир/Biker/Content/' took 0.04s
[2016.08.07-11.16.56:038][  0]LogCook:Display: Max memory allowance for cook 8192mb
[2016.08.07-11.16.56:082][  0]LogCook:Display: Mobile HDR setting 1
[2016.08.07-11.17.06:678][  0]SourceControl: Info Source control is disabled
[2016.08.07-11.17.07:236][  0]Cmd: MAP LOAD FILE="../../../../../../Users/Дамир/Biker/Content/2DSideScrollerBP/Maps/2DSideScrollerExampleMap.umap" TEMPLATE=0 SHOWPROGRESS=1 FEATURELEVEL=3
[2016.08.07-11.17.08:234][  0]LightingResults: New page: Lighting Build
[2016.08.07-11.17.11:268][  0]MapCheck: New page: Map Check
[2016.08.07-11.17.11:268][  0]LightingResults: New page: Lighting Build
[2016.08.07-11.17.26:423][  0]LogAIModule: Creating AISystem for world 2DSideScrollerExampleMap
[2016.08.07-11.17.29:650][  0]LogEditorServer: Finished looking for orphan Actors (0.028 secs)
[2016.08.07-11.17.30:349][  0]Cmd: MAP CHECKDEP NOCLEARLOG
[2016.08.07-11.17.30:740][  0]MapCheck: Info Map check complete: 0 Error(s), 0 Warning(s), took 391.238ms to complete.
[2016.08.07-11.17.30:741][  0]LogFileHelpers: Loading map '2DSideScrollerExampleMap' took 23.755
[2016.08.07-11.17.48:318][  0]LogCollectionManager: Loaded 0 collections in 0.002422 seconds
[2016.08.07-11.17.51:554][  0]LogFileCache: Scanning file cache for directory 'C:/Users/Дамир/Biker/Saved/Collections/' took 0.01s
[2016.08.07-11.17.51:554][  0]LogFileCache: Scanning file cache for directory 'C:/Users/Дамир/Biker/Content/Developers/Дамир/Collections/' took 0.01s
[2016.08.07-11.17.51:554][  0]LogFileCache: Scanning file cache for directory 'C:/Users/Дамир/Biker/Content/Collections/' took 0.01s
[2016.08.07-11.17.51:554][  0]LogCollectionManager: Rebuilt the GUID cache for 0 collections in 0.000009 seconds
[2016.08.07-11.17.51:697][  0]LogContentBrowser: Native class hierarchy populated in 0.0754 seconds. Added 2047 classes and 369 folders.
[2016.08.07-11.17.52:197][  0]LogStats: UGameplayTagsManager::ConstructGameplayTagTree: Construct from data asset -  0.000 s
[2016.08.07-11.17.52:197][  0]LogStats: UGameplayTagsManager::ConstructGameplayTagTree: GameplayTagTreeChangedEvent.Broadcast -  0.000 s
[2016.08.07-11.17.52:208][  0]LogContentBrowser: Native class hierarchy updated for 'GameplayTags' in 0.0007 seconds. Added 12 classes and 0 folders.
[2016.08.07-11.17.52:391][  0]LogContentBrowser: Native class hierarchy updated for 'WidgetCarousel' in 0.0006 seconds. Added 0 classes and 0 folders.
[2016.08.07-11.18.10:488][  0]LogContentBrowser: Native class hierarchy updated for 'AddContentDialog' in 0.0014 seconds. Added 0 classes and 0 folders.
[2016.08.07-11.18.14:004][  0]LogContentBrowser: Native class hierarchy updated for 'SceneOutliner' in 0.0006 seconds. Added 1 classes and 2 folders.
[2016.08.07-11.18.35:706][  0]LogCrashTracker: Crashtracker disabled due to settings.
[2016.08.07-11.18.38:810][  0]LogUObjectGlobals:Warning: Failed to find object 'Class None.'
[2016.08.07-11.18.39:715][  0]LogContentBrowser: Native class hierarchy updated for 'HierarchicalLODOutliner' in 0.0006 seconds. Added 1 classes and 2 folders.
[2016.08.07-11.18.39:716][  0]LogLoad: Full Startup: 251.78 seconds (BP compile: 4.12 seconds)
[2016.08.07-11.18.39:716][  0]LogExternalProfiler: Found external profiler: VSPerf
[2016.08.07-11.18.39:716][  0]LogExternalProfiler: Using external profiler: VSPerf
[2016.08.07-11.18.40:601][  0]LogOcInput: OculusInput pre-init called
[2016.08.07-11.18.44:304][  0]LogContentStreaming: Texture pool size now 1000 MB
[2016.08.07-11.18.52:895][  0]LogRenderer: Reallocating scene render targets to support 1132x432 (Frame:2).
[2016.08.07-11.19.00:239][  6]LogAssetRegistry: Asset discovery search completed in 209.9422 seconds
[2016.08.07-11.19.00:239][  6]LogCollectionManager: Rebuilt the object cache for 0 collections in 0.000001 seconds (found 0 objects)
[2016.08.07-11.19.00:239][  6]LogCollectionManager: Fixed up redirectors for 0 collections in 0.000062 seconds (updated 0 objects)
[2016.08.07-11.19.12:088][ 41]LogSynthBenchmark:Display: FSynthBenchmark (V0.95):  requested WorkScale=5.00
[2016.08.07-11.19.12:089][ 41]LogSynthBenchmark:Display: ===============
[2016.08.07-11.19.12:089][ 41]LogSynthBenchmark:Display: Main Processor:
[2016.08.07-11.19.12:396][ 41]LogSynthBenchmark:Display:          ... 0.032299 s/Run 'RayIntersect'
[2016.08.07-11.19.12:396][ 41]LogSynthBenchmark:Display:          ... 0.029177 s/Run 'Fractal'
[2016.08.07-11.19.12:396][ 41]LogSynthBenchmark:Display: 
[2016.08.07-11.19.12:396][ 41]LogSynthBenchmark:Display:   CompiledTarget_x_Bits: 64
[2016.08.07-11.19.12:396][ 41]LogSynthBenchmark:Display:   UE_BUILD_SHIPPING: 0
[2016.08.07-11.19.12:396][ 41]LogSynthBenchmark:Display:   UE_BUILD_TEST: 0
[2016.08.07-11.19.12:396][ 41]LogSynthBenchmark:Display:   UE_BUILD_DEBUG: 0
[2016.08.07-11.19.12:396][ 41]LogSynthBenchmark:Display:   TotalPhysicalGBRam: 6
[2016.08.07-11.19.12:396][ 41]LogSynthBenchmark:Display:   NumberOfCores (physical): 2
[2016.08.07-11.19.12:396][ 41]LogSynthBenchmark:Display:   NumberOfCores (logical): 4
[2016.08.07-11.19.12:396][ 41]LogSynthBenchmark:Display:   CPU Perf Index 0: 79.3 (weight 1.00)
[2016.08.07-11.19.12:396][ 41]LogSynthBenchmark:Display:   CPU Perf Index 1: 98.0 (weight 1.50)
[2016.08.07-11.19.12:396][ 41]LogSynthBenchmark:Display:  
[2016.08.07-11.19.12:396][ 41]LogSynthBenchmark:Display: Graphics:
[2016.08.07-11.19.12:396][ 41]LogSynthBenchmark:Display:   Adapter Name: 'AMD Radeon HD 7500M/7600M Series'
[2016.08.07-11.19.12:396][ 41]LogSynthBenchmark:Display:   (On Optimus the name might be wrong, memory should be ok)
[2016.08.07-11.19.12:396][ 41]LogSynthBenchmark:Display:   Vendor Id: 0x1002
[2016.08.07-11.19.12:396][ 41]LogSynthBenchmark:Display:   Device Id: 0x6841
[2016.08.07-11.19.12:396][ 41]LogSynthBenchmark:Display:   GPU Memory: 1007/0/2816 MB
[2016.08.07-11.19.12:507][ 41]LogSynthBenchmark:Display:   GPU first test: 0.02s
[2016.08.07-11.19.12:507][ 41]LogSynthBenchmark:Display:          ... 0.392 GigaPix/s, Confidence=100% 'ALUHeavyNoise' (likely to be very inaccurate)
[2016.08.07-11.19.12:507][ 41]LogSynthBenchmark:Display:          ... 0.467 GigaPix/s, Confidence=100% 'TexHeavy' (likely to be very inaccurate)
[2016.08.07-11.19.12:507][ 41]LogSynthBenchmark:Display:          ... 0.404 GigaPix/s, Confidence=89% 'DepTexHeavy' (likely to be very inaccurate)
[2016.08.07-11.19.12:507][ 41]LogSynthBenchmark:Display:          ... 1.070 GigaPix/s, Confidence=89% 'FillOnly' (likely to be very inaccurate)
[2016.08.07-11.19.12:507][ 41]LogSynthBenchmark:Display:          ... 0.120 GigaPix/s, Confidence=100% 'Bandwidth' (likely to be very inaccurate)
[2016.08.07-11.19.12:665][ 41]LogSynthBenchmark:Display:   GPU second test: 0.12s
[2016.08.07-11.19.12:665][ 41]LogSynthBenchmark:Display:          ... 0.740 GigaPix/s, Confidence=100% 'ALUHeavyNoise' (likely to be inaccurate)
[2016.08.07-11.19.12:665][ 41]LogSynthBenchmark:Display:          ... 0.627 GigaPix/s, Confidence=100% 'TexHeavy' (likely to be inaccurate)
[2016.08.07-11.19.12:665][ 41]LogSynthBenchmark:Display:          ... 0.533 GigaPix/s, Confidence=100% 'DepTexHeavy' (likely to be inaccurate)
[2016.08.07-11.19.12:665][ 41]LogSynthBenchmark:Display:          ... 2.017 GigaPix/s, Confidence=89% 'FillOnly' (likely to be inaccurate)
[2016.08.07-11.19.12:665][ 41]LogSynthBenchmark:Display:          ... 0.121 GigaPix/s, Confidence=89% 'Bandwidth' (likely to be inaccurate)
[2016.08.07-11.19.12:665][ 41]LogSynthBenchmark:Display:          ... 0.740 GigaPix/s, Confidence=100% 'ALUHeavyNoise'
[2016.08.07-11.19.12:665][ 41]LogSynthBenchmark:Display:          ... 0.627 GigaPix/s, Confidence=100% 'TexHeavy'
[2016.08.07-11.19.12:665][ 41]LogSynthBenchmark:Display:          ... 0.533 GigaPix/s, Confidence=100% 'DepTexHeavy'
[2016.08.07-11.19.12:665][ 41]LogSynthBenchmark:Display:          ... 2.017 GigaPix/s, Confidence=89% 'FillOnly'
[2016.08.07-11.19.12:665][ 41]LogSynthBenchmark:Display:          ... 0.121 GigaPix/s, Confidence=89% 'Bandwidth'
[2016.08.07-11.19.12:665][ 41]LogSynthBenchmark:Display: 
[2016.08.07-11.19.12:665][ 41]LogSynthBenchmark:Display:   GPU Perf Index 0: 16.1 (weight 1.00)
[2016.08.07-11.19.12:665][ 41]LogSynthBenchmark:Display:   GPU Perf Index 1: 8.4 (weight 0.10)
[2016.08.07-11.19.12:665][ 41]LogSynthBenchmark:Display:   GPU Perf Index 2: 13.8 (weight 0.10)
[2016.08.07-11.19.12:666][ 41]LogSynthBenchmark:Display:   GPU Perf Index 3: 7.9 (weight 3.00)
[2016.08.07-11.19.12:666][ 41]LogSynthBenchmark:Display:   GPU Perf Index 4: 11.3 (weight 1.00)
[2016.08.07-11.19.12:666][ 41]LogSynthBenchmark:Display:   CPUIndex: 90.5
[2016.08.07-11.19.12:666][ 41]LogSynthBenchmark:Display:   GPUIndex: 10.3
[2016.08.07-11.19.12:666][ 41]LogSynthBenchmark:Display: 
[2016.08.07-11.19.12:666][ 41]LogSynthBenchmark:Display:          ... Total Time: 0.577280 sec
[2016.08.07-11.19.53:446][654]LogRenderer: Reallocating scene render targets to support 1132x448 (Frame:442).
[2016.08.07-11.19.53:501][655]LogRenderer: Reallocating scene render targets to support 1132x472 (Frame:444).
[2016.08.07-11.19.53:555][656]LogRenderer: Reallocating scene render targets to support 1132x500 (Frame:446).
[2016.08.07-11.19.53:625][657]LogRenderer: Reallocating scene render targets to support 1132x508 (Frame:448).
[2016.08.07-11.19.55:237][738]LogBlueprintUserMessages: Early PlayInEditor Detection: Level '/Game/2DSideScrollerBP/Maps/2DSideScrollerExampleMap.2DSideScrollerExampleMap:PersistentLevel' has LevelScriptBlueprint '/Game/2DSideScrollerBP/Maps/2DSideScrollerExampleMap.2DSideScrollerExampleMap:PersistentLevel.2DSideScrollerExampleMap' with GeneratedClass '/Game/2DSideScrollerBP/Maps/2DSideScrollerExampleMap.2DSideScrollerExampleMap_C' with ClassGeneratedBy '/Game/2DSideScrollerBP/Maps/2DSideScrollerExampleMap.2DSideScrollerExampleMap:PersistentLevel.2DSideScrollerExampleMap'
[2016.08.07-11.19.55:237][738]LogPlayLevel: PlayLevel: No blueprints needed recompiling
[2016.08.07-11.19.55:491][738]PIE: New page: PIE session: 2DSideScrollerExampleMap (Aug 7, 2016, 5:19:55 PM)
[2016.08.07-11.19.55:491][738]LogPlayLevel: Creating play world package: /Game/2DSideScrollerBP/Maps/UEDPIE_0_2DSideScrollerExampleMap
[2016.08.07-11.19.55:577][738]LogPlayLevel: PIE: StaticDuplicateObject took: (0.086985s)
[2016.08.07-11.19.55:579][738]LogAIModule: Creating AISystem for world 2DSideScrollerExampleMap
[2016.08.07-11.19.55:579][738]LogPlayLevel: PIE: World Init took: (0.000865s)
[2016.08.07-11.19.55:591][738]LogPlayLevel: PIE: Created PIE world by copying editor world from /Game/2DSideScrollerBP/Maps/2DSideScrollerExampleMap.2DSideScrollerExampleMap to /Game/2DSideScrollerBP/Maps/UEDPIE_0_2DSideScrollerExampleMap.2DSideScrollerExampleMap (0.099908s)
[2016.08.07-11.19.55:924][738]LogInit: XAudio2 using 'Громкоговоритель и наушники (Realtek High Definition Audio)' : 2 channels at 44.1 kHz using 16 bits per sample (channel mask 0x3)
[2016.08.07-11.19.55:962][738]LogInit: FAudioDevice initialized.
[2016.08.07-11.19.56:370][738]LogWorld: Game class is '2DSideScrollerGameMode_C'
[2016.08.07-11.19.56:552][738]LogWorld: Bringing World /Game/2DSideScrollerBP/Maps/UEDPIE_0_2DSideScrollerExampleMap.2DSideScrollerExampleMap up for play (max tick rate 60) at 2016.08.07-14.19.56
[2016.08.07-11.19.56:636][738]LogWorld: Bringing up level for play took: 0.107489
[2016.08.07-11.19.57:172][738]LogContentBrowser: Native class hierarchy updated for 'MovieSceneCapture' in 0.0007 seconds. Added 11 classes and 0 folders.
[2016.08.07-11.19.57:535][738]PIE: Info Play in editor start time for /Game/2DSideScrollerBP/Maps/UEDPIE_0_2DSideScrollerExampleMap 2.755
[2016.08.07-11.19.57:555][738]LogBlueprintUserMessages: Late PlayInEditor Detection: Level '/Game/2DSideScrollerBP/Maps/2DSideScrollerExampleMap.2DSideScrollerExampleMap:PersistentLevel' has LevelScriptBlueprint '/Game/2DSideScrollerBP/Maps/2DSideScrollerExampleMap.2DSideScrollerExampleMap:PersistentLevel.2DSideScrollerExampleMap' with GeneratedClass '/Game/2DSideScrollerBP/Maps/2DSideScrollerExampleMap.2DSideScrollerExampleMap_C' with ClassGeneratedBy '/Game/2DSideScrollerBP/Maps/2DSideScrollerExampleMap.2DSideScrollerExampleMap:PersistentLevel.2DSideScrollerExampleMap'
[2016.08.07-11.20.02:310][949]LogBlueprintUserMessages: Early EndPlayMap Detection: Level '/Game/2DSideScrollerBP/Maps/2DSideScrollerExampleMap.2DSideScrollerExampleMap:PersistentLevel' has LevelScriptBlueprint '/Game/2DSideScrollerBP/Maps/2DSideScrollerExampleMap.2DSideScrollerExampleMap:PersistentLevel.2DSideScrollerExampleMap' with GeneratedClass '/Game/2DSideScrollerBP/Maps/2DSideScrollerExampleMap.2DSideScrollerExampleMap_C' with ClassGeneratedBy '/Game/2DSideScrollerBP/Maps/2DSideScrollerExampleMap.2DSideScrollerExampleMap:PersistentLevel.2DSideScrollerExampleMap'
[2016.08.07-11.20.02:536][949]LogBlueprintUserMessages: Late EndPlayMap Detection: Level '/Game/2DSideScrollerBP/Maps/2DSideScrollerExampleMap.2DSideScrollerExampleMap:PersistentLevel' has LevelScriptBlueprint '/Game/2DSideScrollerBP/Maps/2DSideScrollerExampleMap.2DSideScrollerExampleMap:PersistentLevel.2DSideScrollerExampleMap' with GeneratedClass '/Game/2DSideScrollerBP/Maps/2DSideScrollerExampleMap.2DSideScrollerExampleMap_C' with ClassGeneratedBy '/Game/2DSideScrollerBP/Maps/2DSideScrollerExampleMap.2DSideScrollerExampleMap:PersistentLevel.2DSideScrollerExampleMap'
[2016.08.07-11.21.36:084][107]LogContentBrowser: Native class hierarchy updated for 'BlueprintGraph' in 0.0036 seconds. Added 111 classes and 0 folders.
[2016.08.07-11.24.32:171][443]LogBlueprintUserMessages: Early PlayInEditor Detection: Level '/Game/2DSideScrollerBP/Maps/2DSideScrollerExampleMap.2DSideScrollerExampleMap:PersistentLevel' has LevelScriptBlueprint '/Game/2DSideScrollerBP/Maps/2DSideScrollerExampleMap.2DSideScrollerExampleMap:PersistentLevel.2DSideScrollerExampleMap' with GeneratedClass '/Game/2DSideScrollerBP/Maps/2DSideScrollerExampleMap.2DSideScrollerExampleMap_C' with ClassGeneratedBy '/Game/2DSideScrollerBP/Maps/2DSideScrollerExampleMap.2DSideScrollerExampleMap:PersistentLevel.2DSideScrollerExampleMap'
[2016.08.07-11.24.32:217][443]LogPlayLevel: PlayLevel: No blueprints needed recompiling
[2016.08.07-11.24.32:217][443]PIE: New page: PIE session: 2DSideScrollerExampleMap (Aug 7, 2016, 5:24:32 PM)
[2016.08.07-11.24.32:217][443]LogPlayLevel: Creating play world package: /Game/2DSideScrollerBP/Maps/UEDPIE_0_2DSideScrollerExampleMap
[2016.08.07-11.24.32:222][443]LogPlayLevel: PIE: StaticDuplicateObject took: (0.004513s)
[2016.08.07-11.24.32:222][443]LogAIModule: Creating AISystem for world 2DSideScrollerExampleMap
[2016.08.07-11.24.32:234][443]LogPlayLevel: PIE: World Init took: (0.012411s)
[2016.08.07-11.24.32:234][443]LogPlayLevel: PIE: Created PIE world by copying editor world from /Game/2DSideScrollerBP/Maps/2DSideScrollerExampleMap.2DSideScrollerExampleMap to /Game/2DSideScrollerBP/Maps/UEDPIE_0_2DSideScrollerExampleMap.2DSideScrollerExampleMap (0.017271s)
[2016.08.07-11.24.32:335][443]LogInit: XAudio2 using 'Громкоговоритель и наушники (Realtek High Definition Audio)' : 2 channels at 44.1 kHz using 16 bits per sample (channel mask 0x3)
[2016.08.07-11.24.32:374][443]LogInit: FAudioDevice initialized.
[2016.08.07-11.24.32:444][443]LogWorld: Game class is '2DSideScrollerGameMode_C'
[2016.08.07-11.24.32:449][443]LogWorld: Bringing World /Game/2DSideScrollerBP/Maps/UEDPIE_0_2DSideScrollerExampleMap.2DSideScrollerExampleMap up for play (max tick rate 60) at 2016.08.07-14.24.32
[2016.08.07-11.24.32:450][443]LogWorld: Bringing up level for play took: 0.005547
[2016.08.07-11.24.32:454][443]PIE: Info Play in editor start time for /Game/2DSideScrollerBP/Maps/UEDPIE_0_2DSideScrollerExampleMap -0.326
[2016.08.07-11.24.32:454][443]LogBlueprintUserMessages: Late PlayInEditor Detection: Level '/Game/2DSideScrollerBP/Maps/2DSideScrollerExampleMap.2DSideScrollerExampleMap:PersistentLevel' has LevelScriptBlueprint '/Game/2DSideScrollerBP/Maps/2DSideScrollerExampleMap.2DSideScrollerExampleMap:PersistentLevel.2DSideScrollerExampleMap' with GeneratedClass '/Game/2DSideScrollerBP/Maps/2DSideScrollerExampleMap.2DSideScrollerExampleMap_C' with ClassGeneratedBy '/Game/2DSideScrollerBP/Maps/2DSideScrollerExampleMap.2DSideScrollerExampleMap:PersistentLevel.2DSideScrollerExampleMap'
[2016.08.07-11.24.33:747][517]LogBlueprintUserMessages: Early EndPlayMap Detection: Level '/Game/2DSideScrollerBP/Maps/2DSideScrollerExampleMap.2DSideScrollerExampleMap:PersistentLevel' has LevelScriptBlueprint '/Game/2DSideScrollerBP/Maps/2DSideScrollerExampleMap.2DSideScrollerExampleMap:PersistentLevel.2DSideScrollerExampleMap' with GeneratedClass '/Game/2DSideScrollerBP/Maps/2DSideScrollerExampleMap.2DSideScrollerExampleMap_C' with ClassGeneratedBy '/Game/2DSideScrollerBP/Maps/2DSideScrollerExampleMap.2DSideScrollerExampleMap:PersistentLevel.2DSideScrollerExampleMap'
[2016.08.07-11.24.33:802][517]LogBlueprintUserMessages: Late EndPlayMap Detection: Level '/Game/2DSideScrollerBP/Maps/2DSideScrollerExampleMap.2DSideScrollerExampleMap:PersistentLevel' has LevelScriptBlueprint '/Game/2DSideScrollerBP/Maps/2DSideScrollerExampleMap.2DSideScrollerExampleMap:PersistentLevel.2DSideScrollerExampleMap' with GeneratedClass '/Game/2DSideScrollerBP/Maps/2DSideScrollerExampleMap.2DSideScrollerExampleMap_C' with ClassGeneratedBy '/Game/2DSideScrollerBP/Maps/2DSideScrollerExampleMap.2DSideScrollerExampleMap:PersistentLevel.2DSideScrollerExampleMap'
[2016.08.07-11.24.38:971][752]LogRenderer: Reallocating scene render targets to support 1132x512 (Frame:5003).
[2016.08.07-11.24.39:028][753]LogRenderer: Reallocating scene render targets to support 1132x516 (Frame:5005).
[2016.08.07-11.24.39:101][754]LogRenderer: Reallocating scene render targets to support 1132x528 (Frame:5007).
[2016.08.07-11.24.40:046][803]LogBlueprintUserMessages: Early PlayInEditor Detection: Level '/Game/2DSideScrollerBP/Maps/2DSideScrollerExampleMap.2DSideScrollerExampleMap:PersistentLevel' has LevelScriptBlueprint '/Game/2DSideScrollerBP/Maps/2DSideScrollerExampleMap.2DSideScrollerExampleMap:PersistentLevel.2DSideScrollerExampleMap' with GeneratedClass '/Game/2DSideScrollerBP/Maps/2DSideScrollerExampleMap.2DSideScrollerExampleMap_C' with ClassGeneratedBy '/Game/2DSideScrollerBP/Maps/2DSideScrollerExampleMap.2DSideScrollerExampleMap:PersistentLevel.2DSideScrollerExampleMap'
[2016.08.07-11.24.40:046][803]LogPlayLevel: PlayLevel: No blueprints needed recompiling
[2016.08.07-11.24.40:046][803]PIE: New page: PIE session: 2DSideScrollerExampleMap (Aug 7, 2016, 5:24:40 PM)
[2016.08.07-11.24.40:046][803]LogPlayLevel: Creating play world package: /Game/2DSideScrollerBP/Maps/UEDPIE_0_2DSideScrollerExampleMap
[2016.08.07-11.24.40:065][803]LogPlayLevel: PIE: StaticDuplicateObject took: (0.018635s)
[2016.08.07-11.24.40:065][803]LogAIModule: Creating AISystem for world 2DSideScrollerExampleMap
[2016.08.07-11.24.40:066][803]LogPlayLevel: PIE: World Init took: (0.000679s)
[2016.08.07-11.24.40:066][803]LogPlayLevel: PIE: Created PIE world by copying editor world from /Game/2DSideScrollerBP/Maps/2DSideScrollerExampleMap.2DSideScrollerExampleMap to /Game/2DSideScrollerBP/Maps/UEDPIE_0_2DSideScrollerExampleMap.2DSideScrollerExampleMap (0.019582s)
[2016.08.07-11.24.40:131][803]LogInit: XAudio2 using 'Громкоговоритель и наушники (Realtek High Definition Audio)' : 2 channels at 44.1 kHz using 16 bits per sample (channel mask 0x3)
[2016.08.07-11.24.40:170][803]LogInit: FAudioDevice initialized.
[2016.08.07-11.24.40:211][803]LogWorld: Game class is '2DSideScrollerGameMode_C'
[2016.08.07-11.24.40:216][803]LogWorld: Bringing World /Game/2DSideScrollerBP/Maps/UEDPIE_0_2DSideScrollerExampleMap.2DSideScrollerExampleMap up for play (max tick rate 60) at 2016.08.07-14.24.40
[2016.08.07-11.24.40:217][803]LogWorld: Bringing up level for play took: 0.005344
[2016.08.07-11.24.40:239][803]PIE: Info Play in editor start time for /Game/2DSideScrollerBP/Maps/UEDPIE_0_2DSideScrollerExampleMap -0.541
[2016.08.07-11.24.40:239][803]LogBlueprintUserMessages: Late PlayInEditor Detection: Level '/Game/2DSideScrollerBP/Maps/2DSideScrollerExampleMap.2DSideScrollerExampleMap:PersistentLevel' has LevelScriptBlueprint '/Game/2DSideScrollerBP/Maps/2DSideScrollerExampleMap.2DSideScrollerExampleMap:PersistentLevel.2DSideScrollerExampleMap' with GeneratedClass '/Game/2DSideScrollerBP/Maps/2DSideScrollerExampleMap.2DSideScrollerExampleMap_C' with ClassGeneratedBy '/Game/2DSideScrollerBP/Maps/2DSideScrollerExampleMap.2DSideScrollerExampleMap:PersistentLevel.2DSideScrollerExampleMap'
[2016.08.07-11.24.55:787][729]LogBlueprintUserMessages: Early EndPlayMap Detection: Level '/Game/2DSideScrollerBP/Maps/2DSideScrollerExampleMap.2DSideScrollerExampleMap:PersistentLevel' has LevelScriptBlueprint '/Game/2DSideScrollerBP/Maps/2DSideScrollerExampleMap.2DSideScrollerExampleMap:PersistentLevel.2DSideScrollerExampleMap' with GeneratedClass '/Game/2DSideScrollerBP/Maps/2DSideScrollerExampleMap.2DSideScrollerExampleMap_C' with ClassGeneratedBy '/Game/2DSideScrollerBP/Maps/2DSideScrollerExampleMap.2DSideScrollerExampleMap:PersistentLevel.2DSideScrollerExampleMap'
[2016.08.07-11.24.55:821][729]LogBlueprintUserMessages: Late EndPlayMap Detection: Level '/Game/2DSideScrollerBP/Maps/2DSideScrollerExampleMap.2DSideScrollerExampleMap:PersistentLevel' has LevelScriptBlueprint '/Game/2DSideScrollerBP/Maps/2DSideScrollerExampleMap.2DSideScrollerExampleMap:PersistentLevel.2DSideScrollerExampleMap' with GeneratedClass '/Game/2DSideScrollerBP/Maps/2DSideScrollerExampleMap.2DSideScrollerExampleMap_C' with ClassGeneratedBy '/Game/2DSideScrollerBP/Maps/2DSideScrollerExampleMap.2DSideScrollerExampleMap:PersistentLevel.2DSideScrollerExampleMap'
[2016.08.07-11.29.30:628][645]LogFileHelpers: Editor autosave (incl. sublevels) for '/Game/2DSideScrollerBP/Maps/2DSideScrollerExampleMap' took 0.071
[2016.08.07-11.29.30:670][645]OBJ SavePackage: Generating thumbnails for [0] asset(s) in package [/Game/2DSideScrollerBP/Blueprints/Bike] ([1] browsable assets)...
[2016.08.07-11.29.30:675][645]OBJ SavePackage: Finished generating thumbnails for package [/Game/2DSideScrollerBP/Blueprints/Bike]
[2016.08.07-11.29.31:004][645]LogSavePackage: Save=299.05ms
[2016.08.07-11.29.31:004][645]LogSavePackage: Moving '../../../../../../Users/Дамир/Biker/Saved/Bike_Auto1B3BC708349AE1120D018B18826277E31.tmp' to '../../../../../../Users/Дамир/Biker/Saved/Autosaves/Game/2DSideScrollerBP/Blueprints/Bike_Auto1.uasset'
[2016.08.07-11.29.31:048][645]LogSavePackage:Display: Finished SavePackage ../../../../../../Users/Дамир/Biker/Saved/Autosaves/Game/2DSideScrollerBP/Blueprints/Bike_Auto1.uasset
[2016.08.07-11.29.31:048][645]LogFileHelpers: Auto-saving content packages took 0.416
[2016.08.07-11.30.59:976][630]LogUObjectHash:Warning: Ambiguous search, could be K2Node_CallFunction /Game/2DSideScrollerBP/Blueprints/Bike.Bike:EventGraph.K2Node_CallFunction_866 or K2Node_CallFunction /Engine/Transient.PROTO_BP_Blueprint_0:UserConstructionScript.K2Node_CallFunction_866
[2016.08.07-11.30.59:977][630]LogProperty:Warning: ObjectProperty /Script/Engine.EdGraphPin:LinkedTo.LinkedTo: unresolved reference to 'EdGraphPin'K2Node_CallFunction_866.EdGraphPin_502''
[2016.08.07-11.32.14:008][518]LogBlueprintUserMessages: Early PlayInEditor Detection: Level '/Game/2DSideScrollerBP/Maps/2DSideScrollerExampleMap.2DSideScrollerExampleMap:PersistentLevel' has LevelScriptBlueprint '/Game/2DSideScrollerBP/Maps/2DSideScrollerExampleMap.2DSideScrollerExampleMap:PersistentLevel.2DSideScrollerExampleMap' with GeneratedClass '/Game/2DSideScrollerBP/Maps/2DSideScrollerExampleMap.2DSideScrollerExampleMap_C' with ClassGeneratedBy '/Game/2DSideScrollerBP/Maps/2DSideScrollerExampleMap.2DSideScrollerExampleMap:PersistentLevel.2DSideScrollerExampleMap'
[2016.08.07-11.32.14:008][518]BlueprintLog: New page: Pre-Play auto-recompile
[2016.08.07-11.32.14:024][518]LogPlayLevel: [PlayLevel] Compiling Bike before play...
[2016.08.07-11.32.14:528][518]LogPlayLevel: PlayLevel: Blueprint regeneration took 519 ms (2 blueprints)
[2016.08.07-11.32.14:529][518]LogPlayLevel: [PlayLevel] Compiling Widget_Energry before play...
[2016.08.07-11.32.14:610][518]LogPlayLevel: PlayLevel: Blueprint regeneration took 601 ms (2 blueprints)
[2016.08.07-11.32.14:655][518]PIE: New page: PIE session: 2DSideScrollerExampleMap (Aug 7, 2016, 5:32:14 PM)
[2016.08.07-11.32.14:655][518]LogPlayLevel: Creating play world package: /Game/2DSideScrollerBP/Maps/UEDPIE_0_2DSideScrollerExampleMap
[2016.08.07-11.32.14:658][518]LogPlayLevel: PIE: StaticDuplicateObject took: (0.003441s)
[2016.08.07-11.32.14:659][518]LogAIModule: Creating AISystem for world 2DSideScrollerExampleMap
[2016.08.07-11.32.14:659][518]LogPlayLevel: PIE: World Init took: (0.000791s)
[2016.08.07-11.32.14:660][518]LogPlayLevel: PIE: Created PIE world by copying editor world from /Game/2DSideScrollerBP/Maps/2DSideScrollerExampleMap.2DSideScrollerExampleMap to /Game/2DSideScrollerBP/Maps/UEDPIE_0_2DSideScrollerExampleMap.2DSideScrollerExampleMap (0.004514s)
[2016.08.07-11.32.14:702][518]LogInit: XAudio2 using 'Громкоговоритель и наушники (Realtek High Definition Audio)' : 2 channels at 44.1 kHz using 16 bits per sample (channel mask 0x3)
[2016.08.07-11.32.14:742][518]LogInit: FAudioDevice initialized.
[2016.08.07-11.32.14:787][518]LogWorld: Game class is '2DSideScrollerGameMode_C'
[2016.08.07-11.32.14:794][518]LogWorld: Bringing World /Game/2DSideScrollerBP/Maps/UEDPIE_0_2DSideScrollerExampleMap.2DSideScrollerExampleMap up for play (max tick rate 60) at 2016.08.07-14.32.14
[2016.08.07-11.32.14:795][518]LogWorld: Bringing up level for play took: 0.007080
[2016.08.07-11.32.14:798][518]PIE: Info Play in editor start time for /Game/2DSideScrollerBP/Maps/UEDPIE_0_2DSideScrollerExampleMap 0.017
[2016.08.07-11.32.14:798][518]LogBlueprintUserMessages: Late PlayInEditor Detection: Level '/Game/2DSideScrollerBP/Maps/2DSideScrollerExampleMap.2DSideScrollerExampleMap:PersistentLevel' has LevelScriptBlueprint '/Game/2DSideScrollerBP/Maps/2DSideScrollerExampleMap.2DSideScrollerExampleMap:PersistentLevel.2DSideScrollerExampleMap' with GeneratedClass '/Game/2DSideScrollerBP/Maps/2DSideScrollerExampleMap.2DSideScrollerExampleMap_C' with ClassGeneratedBy '/Game/2DSideScrollerBP/Maps/2DSideScrollerExampleMap.2DSideScrollerExampleMap:PersistentLevel.2DSideScrollerExampleMap'
[2016.08.07-11.32.17:184][654]LogBlueprintUserMessages: Early EndPlayMap Detection: Level '/Game/2DSideScrollerBP/Maps/2DSideScrollerExampleMap.2DSideScrollerExampleMap:PersistentLevel' has LevelScriptBlueprint '/Game/2DSideScrollerBP/Maps/2DSideScrollerExampleMap.2DSideScrollerExampleMap:PersistentLevel.2DSideScrollerExampleMap' with GeneratedClass '/Game/2DSideScrollerBP/Maps/2DSideScrollerExampleMap.2DSideScrollerExampleMap_C' with ClassGeneratedBy '/Game/2DSideScrollerBP/Maps/2DSideScrollerExampleMap.2DSideScrollerExampleMap:PersistentLevel.2DSideScrollerExampleMap'
[2016.08.07-11.32.17:228][654]LogBlueprintUserMessages: Late EndPlayMap Detection: Level '/Game/2DSideScrollerBP/Maps/2DSideScrollerExampleMap.2DSideScrollerExampleMap:PersistentLevel' has LevelScriptBlueprint '/Game/2DSideScrollerBP/Maps/2DSideScrollerExampleMap.2DSideScrollerExampleMap:PersistentLevel.2DSideScrollerExampleMap' with GeneratedClass '/Game/2DSideScrollerBP/Maps/2DSideScrollerExampleMap.2DSideScrollerExampleMap_C' with ClassGeneratedBy '/Game/2DSideScrollerBP/Maps/2DSideScrollerExampleMap.2DSideScrollerExampleMap:PersistentLevel.2DSideScrollerExampleMap'
[2016.08.07-11.32.27:212][  5]LogBlueprintUserMessages: Early PlayInEditor Detection: Level '/Game/2DSideScrollerBP/Maps/2DSideScrollerExampleMap.2DSideScrollerExampleMap:PersistentLevel' has LevelScriptBlueprint '/Game/2DSideScrollerBP/Maps/2DSideScrollerExampleMap.2DSideScrollerExampleMap:PersistentLevel.2DSideScrollerExampleMap' with GeneratedClass '/Game/2DSideScrollerBP/Maps/2DSideScrollerExampleMap.2DSideScrollerExampleMap_C' with ClassGeneratedBy '/Game/2DSideScrollerBP/Maps/2DSideScrollerExampleMap.2DSideScrollerExampleMap:PersistentLevel.2DSideScrollerExampleMap'
[2016.08.07-11.32.27:213][  5]LogPlayLevel: PlayLevel: No blueprints needed recompiling
[2016.08.07-11.32.27:213][  5]PIE: New page: PIE session: 2DSideScrollerExampleMap (Aug 7, 2016, 5:32:27 PM)
[2016.08.07-11.32.27:213][  5]LogPlayLevel: Creating play world package: /Game/2DSideScrollerBP/Maps/UEDPIE_0_2DSideScrollerExampleMap
[2016.08.07-11.32.27:217][  5]LogPlayLevel: PIE: StaticDuplicateObject took: (0.004231s)
[2016.08.07-11.32.27:218][  5]LogAIModule: Creating AISystem for world 2DSideScrollerExampleMap
[2016.08.07-11.32.27:218][  5]LogPlayLevel: PIE: World Init took: (0.000842s)
[2016.08.07-11.32.27:218][  5]LogPlayLevel: PIE: Created PIE world by copying editor world from /Game/2DSideScrollerBP/Maps/2DSideScrollerExampleMap.2DSideScrollerExampleMap to /Game/2DSideScrollerBP/Maps/UEDPIE_0_2DSideScrollerExampleMap.2DSideScrollerExampleMap (0.005350s)
[2016.08.07-11.32.27:261][  5]LogInit: XAudio2 using 'Громкоговоритель и наушники (Realtek High Definition Audio)' : 2 channels at 44.1 kHz using 16 bits per sample (channel mask 0x3)
[2016.08.07-11.32.27:300][  5]LogInit: FAudioDevice initialized.
[2016.08.07-11.32.27:338][  5]LogWorld: Game class is '2DSideScrollerGameMode_C'
[2016.08.07-11.32.27:344][  5]LogWorld: Bringing World /Game/2DSideScrollerBP/Maps/UEDPIE_0_2DSideScrollerExampleMap.2DSideScrollerExampleMap up for play (max tick rate 60) at 2016.08.07-14.32.27
[2016.08.07-11.32.27:344][  5]LogWorld: Bringing up level for play took: 0.005521
[2016.08.07-11.32.27:347][  5]PIE: Info Play in editor start time for /Game/2DSideScrollerBP/Maps/UEDPIE_0_2DSideScrollerExampleMap 0.567
[2016.08.07-11.32.27:347][  5]LogBlueprintUserMessages: Late PlayInEditor Detection: Level '/Game/2DSideScrollerBP/Maps/2DSideScrollerExampleMap.2DSideScrollerExampleMap:PersistentLevel' has LevelScriptBlueprint '/Game/2DSideScrollerBP/Maps/2DSideScrollerExampleMap.2DSideScrollerExampleMap:PersistentLevel.2DSideScrollerExampleMap' with GeneratedClass '/Game/2DSideScrollerBP/Maps/2DSideScrollerExampleMap.2DSideScrollerExampleMap_C' with ClassGeneratedBy '/Game/2DSideScrollerBP/Maps/2DSideScrollerExampleMap.2DSideScrollerExampleMap:PersistentLevel.2DSideScrollerExampleMap'
[2016.08.07-11.32.34:098][410]LogBlueprintUserMessages: Early EndPlayMap Detection: Level '/Game/2DSideScrollerBP/Maps/2DSideScrollerExampleMap.2DSideScrollerExampleMap:PersistentLevel' has LevelScriptBlueprint '/Game/2DSideScrollerBP/Maps/2DSideScrollerExampleMap.2DSideScrollerExampleMap:PersistentLevel.2DSideScrollerExampleMap' with GeneratedClass '/Game/2DSideScrollerBP/Maps/2DSideScrollerExampleMap.2DSideScrollerExampleMap_C' with ClassGeneratedBy '/Game/2DSideScrollerBP/Maps/2DSideScrollerExampleMap.2DSideScrollerExampleMap:PersistentLevel.2DSideScrollerExampleMap'
[2016.08.07-11.32.34:129][410]LogBlueprintUserMessages: Late EndPlayMap Detection: Level '/Game/2DSideScrollerBP/Maps/2DSideScrollerExampleMap.2DSideScrollerExampleMap:PersistentLevel' has LevelScriptBlueprint '/Game/2DSideScrollerBP/Maps/2DSideScrollerExampleMap.2DSideScrollerExampleMap:PersistentLevel.2DSideScrollerExampleMap' with GeneratedClass '/Game/2DSideScrollerBP/Maps/2DSideScrollerExampleMap.2DSideScrollerExampleMap_C' with ClassGeneratedBy '/Game/2DSideScrollerBP/Maps/2DSideScrollerExampleMap.2DSideScrollerExampleMap:PersistentLevel.2DSideScrollerExampleMap'
[2016.08.07-11.32.35:243][472]LogBlueprintUserMessages: Early PlayInEditor Detection: Level '/Game/2DSideScrollerBP/Maps/2DSideScrollerExampleMap.2DSideScrollerExampleMap:PersistentLevel' has LevelScriptBlueprint '/Game/2DSideScrollerBP/Maps/2DSideScrollerExampleMap.2DSideScrollerExampleMap:PersistentLevel.2DSideScrollerExampleMap' with GeneratedClass '/Game/2DSideScrollerBP/Maps/2DSideScrollerExampleMap.2DSideScrollerExampleMap_C' with ClassGeneratedBy '/Game/2DSideScrollerBP/Maps/2DSideScrollerExampleMap.2DSideScrollerExampleMap:PersistentLevel.2DSideScrollerExampleMap'
[2016.08.07-11.32.35:244][472]LogPlayLevel: PlayLevel: No blueprints needed recompiling
[2016.08.07-11.32.35:244][472]PIE: New page: PIE session: 2DSideScrollerExampleMap (Aug 7, 2016, 5:32:35 PM)
[2016.08.07-11.32.35:244][472]LogPlayLevel: Creating play world package: /Game/2DSideScrollerBP/Maps/UEDPIE_0_2DSideScrollerExampleMap
[2016.08.07-11.32.35:248][472]LogPlayLevel: PIE: StaticDuplicateObject took: (0.004575s)
[2016.08.07-11.32.35:249][472]LogAIModule: Creating AISystem for world 2DSideScrollerExampleMap
[2016.08.07-11.32.35:249][472]LogPlayLevel: PIE: World Init took: (0.000768s)
[2016.08.07-11.32.35:249][472]LogPlayLevel: PIE: Created PIE world by copying editor world from /Game/2DSideScrollerBP/Maps/2DSideScrollerExampleMap.2DSideScrollerExampleMap to /Game/2DSideScrollerBP/Maps/UEDPIE_0_2DSideScrollerExampleMap.2DSideScrollerExampleMap (0.005596s)
[2016.08.07-11.32.35:295][472]LogInit: XAudio2 using 'Громкоговоритель и наушники (Realtek High Definition Audio)' : 2 channels at 44.1 kHz using 16 bits per sample (channel mask 0x3)
[2016.08.07-11.32.35:341][472]LogInit: FAudioDevice initialized.
[2016.08.07-11.32.35:379][472]LogWorld: Game class is '2DSideScrollerGameMode_C'
[2016.08.07-11.32.35:384][472]LogWorld: Bringing World /Game/2DSideScrollerBP/Maps/UEDPIE_0_2DSideScrollerExampleMap.2DSideScrollerExampleMap up for play (max tick rate 60) at 2016.08.07-14.32.35
[2016.08.07-11.32.35:385][472]LogWorld: Bringing up level for play took: 0.005256
[2016.08.07-11.32.35:388][472]PIE: Info Play in editor start time for /Game/2DSideScrollerBP/Maps/UEDPIE_0_2DSideScrollerExampleMap 0.608
[2016.08.07-11.32.35:388][472]LogBlueprintUserMessages: Late PlayInEditor Detection: Level '/Game/2DSideScrollerBP/Maps/2DSideScrollerExampleMap.2DSideScrollerExampleMap:PersistentLevel' has LevelScriptBlueprint '/Game/2DSideScrollerBP/Maps/2DSideScrollerExampleMap.2DSideScrollerExampleMap:PersistentLevel.2DSideScrollerExampleMap' with GeneratedClass '/Game/2DSideScrollerBP/Maps/2DSideScrollerExampleMap.2DSideScrollerExampleMap_C' with ClassGeneratedBy '/Game/2DSideScrollerBP/Maps/2DSideScrollerExampleMap.2DSideScrollerExampleMap:PersistentLevel.2DSideScrollerExampleMap'
[2016.08.07-11.32.41:819][858]LogBlueprintUserMessages: Early EndPlayMap Detection: Level '/Game/2DSideScrollerBP/Maps/2DSideScrollerExampleMap.2DSideScrollerExampleMap:PersistentLevel' has LevelScriptBlueprint '/Game/2DSideScrollerBP/Maps/2DSideScrollerExampleMap.2DSideScrollerExampleMap:PersistentLevel.2DSideScrollerExampleMap' with GeneratedClass '/Game/2DSideScrollerBP/Maps/2DSideScrollerExampleMap.2DSideScrollerExampleMap_C' with ClassGeneratedBy '/Game/2DSideScrollerBP/Maps/2DSideScrollerExampleMap.2DSideScrollerExampleMap:PersistentLevel.2DSideScrollerExampleMap'
[2016.08.07-11.32.41:848][858]LogBlueprintUserMessages: Late EndPlayMap Detection: Level '/Game/2DSideScrollerBP/Maps/2DSideScrollerExampleMap.2DSideScrollerExampleMap:PersistentLevel' has LevelScriptBlueprint '/Game/2DSideScrollerBP/Maps/2DSideScrollerExampleMap.2DSideScrollerExampleMap:PersistentLevel.2DSideScrollerExampleMap' with GeneratedClass '/Game/2DSideScrollerBP/Maps/2DSideScrollerExampleMap.2DSideScrollerExampleMap_C' with ClassGeneratedBy '/Game/2DSideScrollerBP/Maps/2DSideScrollerExampleMap.2DSideScrollerExampleMap:PersistentLevel.2DSideScrollerExampleMap'
[2016.08.07-11.32.49:713][ 41]Cmd: OBJ SAVEPACKAGE PACKAGE="/Game/2DSideScrollerBP/Blueprints/Bike" FILE="../../../../../../Users/Дамир/Biker/Content/2DSideScrollerBP/Blueprints/Bike.uasset" SILENT=true
[2016.08.07-11.32.49:812][ 41]LogSavePackage: Save=89.78ms
[2016.08.07-11.32.49:812][ 41]LogSavePackage: Moving '../../../../../../Users/Дамир/Biker/Saved/BikeC8F8442A41CEAB391395AC9441D2C54E.tmp' to '../../../../../../Users/Дамир/Biker/Content/2DSideScrollerBP/Blueprints/Bike.uasset'
[2016.08.07-11.32.49:819][ 41]LogSavePackage:Display: Finished SavePackage ../../../../../../Users/Дамир/Biker/Content/2DSideScrollerBP/Blueprints/Bike.uasset
[2016.08.07-11.39.22:391][325]LogWindowsTextInputMethodSystem:Display: IME system now deactivated.
[2016.08.07-11.39.22:391][325]LogWindowsTextInputMethodSystem:Display: IME system now deactivated.
[2016.08.07-11.39.23:756][400]LogEditorViewport: Clicking on Actor (LMB): PaperSpriteActor (Background_Sprite)
[2016.08.07-11.39.30:440][695]LogWindowsTextInputMethodSystem:Display: IME system now deactivated.
[2016.08.07-11.39.30:916][696]Cmd: QUIT_EDITOR
[2016.08.07-11.39.32:124][696]LogExit: Preparing to exit.
[2016.08.07-11.39.33:525][696]LogExit: Editor shut down
[2016.08.07-11.39.33:525][696]LogExit: Transaction tracking system shut down
[2016.08.07-11.39.35:723][696]LogObj: Freed 0b from 0 cluster array pools.
[2016.08.07-11.39.35:724][696]LogExit: Object subsystem successfully closed.
[2016.08.07-11.39.35:979][696]LogD3D11RHI: Shutdown
[2016.08.07-11.39.35:980][696]LogD3D11RHI: CleanupD3DDevice
[2016.08.07-11.39.36:157][696]LogD3D11RHI: ~FD3D11DynamicRHI
[2016.08.07-11.39.37:448][696]LogModuleManager: Shutting down and abandoning module BlueprintGraph (216)
[2016.08.07-11.39.37:519][696]LogModuleManager: Shutting down and abandoning module MovieSceneCapture (215)
[2016.08.07-11.39.37:519][696]LogModuleManager: Shutting down and abandoning module SynthBenchmark (214)
[2016.08.07-11.39.37:519][696]LogModuleManager: Shutting down and abandoning module HierarchicalLODOutliner (213)
[2016.08.07-11.39.37:526][696]LogModuleManager: Shutting down and abandoning module CrashTracker (212)
[2016.08.07-11.39.37:526][696]LogModuleManager: Shutting down and abandoning module SceneOutliner (211)
[2016.08.07-11.39.37:537][696]LogModuleManager: Shutting down and abandoning module WidgetCarousel (210)
[2016.08.07-11.39.37:551][696]LogModuleManager: Shutting down and abandoning module AddContentDialog (209)
[2016.08.07-11.39.37:592][696]LogModuleManager: Shutting down and abandoning module GameplayTags (208)
[2016.08.07-11.39.37:592][696]LogModuleManager: Shutting down and abandoning module EditorWidgets (207)
[2016.08.07-11.39.37:592][696]LogModuleManager: Shutting down and abandoning module CollectionManager (206)
[2016.08.07-11.39.37:600][696]LogModuleManager: Shutting down and abandoning module StatsViewer (205)
[2016.08.07-11.39.37:610][696]LogModuleManager: Shutting down and abandoning module FoliageEdit (204)
[2016.08.07-11.39.37:624][696]LogModuleManager: Shutting down and abandoning module LandscapeEditor (203)
[2016.08.07-11.39.37:647][696]LogModuleManager: Shutting down and abandoning module SceneDepthPickerMode (202)
[2016.08.07-11.39.37:647][696]LogModuleManager: Shutting down and abandoning module ActorPickerMode (201)
[2016.08.07-11.39.37:647][696]LogModuleManager: Shutting down and abandoning module GeometryMode (200)
[2016.08.07-11.39.37:647][696]LogModuleManager: Shutting down and abandoning module TextureAlignMode (199)
[2016.08.07-11.39.37:647][696]LogModuleManager: Shutting down and abandoning module BspMode (198)
[2016.08.07-11.39.37:662][696]LogModuleManager: Shutting down and abandoning module HardwareSurvey (197)
[2016.08.07-11.39.37:662][696]LogModuleManager: Shutting down and abandoning module SequenceRecorderSections (196)
[2016.08.07-11.39.37:662][696]LogModuleManager: Shutting down and abandoning module SequenceRecorder (195)
[2016.08.07-11.39.37:675][696]LogModuleManager: Shutting down and abandoning module AutomationWorker (194)
[2016.08.07-11.39.37:675][696]LogModuleManager: Shutting down and abandoning module MatineeToLevelSequence (193)
[2016.08.07-11.39.37:676][696]LogModuleManager: Shutting down and abandoning module PlacementMode (192)
[2016.08.07-11.39.37:689][696]LogModuleManager: Shutting down and abandoning module LevelSequenceEditor (191)
[2016.08.07-11.39.37:748][696]LogModuleManager: Shutting down and abandoning module CharacterAI (190)
[2016.08.07-11.39.37:748][696]LogModuleManager: Shutting down and abandoning module SmartSnapping (189)
[2016.08.07-11.39.37:748][696]LogModuleManager: Shutting down and abandoning module SessionServices (188)
[2016.08.07-11.39.37:748][696]LogModuleManager: Shutting down and abandoning module ViewportSnapping (187)
[2016.08.07-11.39.37:748][696]LogModuleManager: Shutting down and abandoning module LogVisualizer (186)
[2016.08.07-11.39.37:766][696]LogModuleManager: Shutting down and abandoning module GameProjectGeneration (185)
[2016.08.07-11.39.37:789][696]LogModuleManager: Shutting down and abandoning module IntroTutorials (184)
[2016.08.07-11.39.37:795][696]LogModuleManager: Shutting down and abandoning module EditorLiveStreaming (183)
[2016.08.07-11.39.37:795][696]LogModuleManager: Shutting down and abandoning module IOSPlatformEditor (182)
[2016.08.07-11.39.37:803][696]LogModuleManager: Shutting down and abandoning module HTML5PlatformEditor (181)
[2016.08.07-11.39.37:804][696]LogModuleManager: Shutting down and abandoning module AndroidDeviceDetection (180)
[2016.08.07-11.39.38:392][696]LogModuleManager: Shutting down and abandoning module AndroidPlatformEditor (179)
[2016.08.07-11.39.38:419][696]LogModuleManager: Shutting down and abandoning module IOSRuntimeSettings (178)
[2016.08.07-11.39.38:419][696]LogModuleManager: Shutting down and abandoning module AndroidRuntimeSettings (177)
[2016.08.07-11.39.38:420][696]LogModuleManager: Shutting down and abandoning module MergeActors (176)
[2016.08.07-11.39.38:440][696]LogModuleManager: Shutting down and abandoning module SizeMap (175)
[2016.08.07-11.39.38:440][696]LogModuleManager: Shutting down and abandoning module TreeMap (174)
[2016.08.07-11.39.38:459][696]LogModuleManager: Shutting down and abandoning module ReferenceViewer (173)
[2016.08.07-11.39.38:476][696]LogModuleManager: Shutting down and abandoning module LocalizationService (172)
[2016.08.07-11.39.38:502][696]LogModuleManager: Shutting down and abandoning module LocalizationDashboard (171)
[2016.08.07-11.39.38:515][696]LogModuleManager: Shutting down and abandoning module HardwareTargeting (170)
[2016.08.07-11.39.38:524][696]LogModuleManager: Shutting down and abandoning module DeviceProfileEditor (169)
[2016.08.07-11.39.38:551][696]LogModuleManager: Shutting down and abandoning module UndoHistory (168)
[2016.08.07-11.39.38:570][696]LogModuleManager: Shutting down and abandoning module UserFeedback (167)
[2016.08.07-11.39.38:571][696]LogModuleManager: Shutting down and abandoning module XmlParser (166)
[2016.08.07-11.39.38:571][696]LogModuleManager: Shutting down and abandoning module Blutility (165)
[2016.08.07-11.39.38:588][696]LogModuleManager: Shutting down and abandoning module ProjectTargetPlatformEditor (164)
[2016.08.07-11.39.38:621][696]LogModuleManager: Shutting down and abandoning module ProjectSettingsViewer (163)
[2016.08.07-11.39.38:621][696]LogModuleManager: Shutting down and abandoning module InputBindingEditor (162)
[2016.08.07-11.39.38:655][696]LogModuleManager: Shutting down and abandoning module EditorSettingsViewer (161)
[2016.08.07-11.39.38:655][696]LogModuleManager: Shutting down and abandoning module SettingsEditor (160)
[2016.08.07-11.39.38:686][696]LogModuleManager: Shutting down and abandoning module ProjectLauncher (159)
[2016.08.07-11.39.38:707][696]LogModuleManager: Shutting down and abandoning module SessionFrontend (158)
[2016.08.07-11.39.38:720][696]LogModuleManager: Shutting down and abandoning module ProfilerClient (157)
[2016.08.07-11.39.38:730][696]LogModuleManager: Shutting down and abandoning module TargetDeviceServices (156)
[2016.08.07-11.39.38:738][696]LogModuleManager: Shutting down and abandoning module DeviceManager (155)
[2016.08.07-11.39.38:799][696]LogModuleManager: Shutting down and abandoning module AutomationController (154)
[2016.08.07-11.39.38:824][696]LogModuleManager: Shutting down and abandoning module AutomationWindow (153)
[2016.08.07-11.39.38:840][696]LogModuleManager: Shutting down and abandoning module Layers (152)
[2016.08.07-11.39.38:857][696]LogModuleManager: Shutting down and abandoning module ComponentVisualizers (151)
[2016.08.07-11.39.38:857][696]LogModuleManager: Shutting down and abandoning module DetailCustomizations (150)
[2016.08.07-11.39.38:863][696]LogModuleManager: Shutting down and abandoning module PackagesDialog (149)
[2016.08.07-11.39.38:876][696]LogModuleManager: Shutting down and abandoning module Persona (148)
[2016.08.07-11.39.38:912][696]LogModuleManager: Shutting down and abandoning module Kismet (147)
[2016.08.07-11.39.38:921][696]LogModuleManager: Shutting down and abandoning module GraphEditor (146)
[2016.08.07-11.39.38:921][696]LogModuleManager: Shutting down and abandoning module ClassViewer (145)
[2016.08.07-11.39.38:938][696]LogModuleManager: Shutting down and abandoning module Toolbox (144)
[2016.08.07-11.39.38:955][696]LogModuleManager: Shutting down and abandoning module ModuleUI (143)
[2016.08.07-11.39.38:969][696]LogModuleManager: Shutting down and abandoning module MovieSceneTools (142)
[2016.08.07-11.39.39:004][696]LogModuleManager: Shutting down and abandoning module OutputLog (141)
[2016.08.07-11.39.39:019][696]LogModuleManager: Shutting down and abandoning module GammaUI (140)
[2016.08.07-11.39.39:026][696]LogModuleManager: Shutting down and abandoning module Documentation (139)
[2016.08.07-11.39.39:026][696]LogModuleManager: Shutting down and abandoning module StreamingPauseRendering (138)
[2016.08.07-11.39.39:026][696]LogModuleManager: Shutting down and abandoning module AnalyticsET (137)
[2016.08.07-11.39.39:026][696]LogModuleManager: Shutting down and abandoning module Analytics (136)
[2016.08.07-11.39.39:026][696]LogModuleManager: Shutting down and abandoning module PortalServices (135)
[2016.08.07-11.39.39:026][696]LogModuleManager: Shutting down and abandoning module PortalRpc (134)
[2016.08.07-11.39.39:026][696]LogModuleManager: Shutting down and abandoning module MessagingRpc (133)
[2016.08.07-11.39.39:026][696]LogModuleManager: Shutting down and abandoning module GameplayDebugger (132)
[2016.08.07-11.39.39:035][696]LogModuleManager: Shutting down and abandoning module AITestSuite (131)
[2016.08.07-11.39.39:048][696]LogModuleManager: Shutting down and abandoning module AIModule (130)
[2016.08.07-11.39.39:048][696]LogModuleManager: Shutting down and abandoning module ProfilerService (129)
[2016.08.07-11.39.39:318][696]LogModuleManager: Shutting down and abandoning module TaskGraph (128)
[2016.08.07-11.39.39:331][696]LogModuleManager: Shutting down and abandoning module SlateRemote (127)
[2016.08.07-11.39.39:331][696]LogModuleManager: Shutting down and abandoning module SteamVRController (126)
[2016.08.07-11.39.39:331][696]LogModuleManager: Shutting down and abandoning module SteamVR (125)
[2016.08.07-11.39.39:331][696]LogModuleManager: Shutting down and abandoning module ProceduralMeshComponent (124)
[2016.08.07-11.39.39:331][696]LogModuleManager: Shutting down and abandoning module OculusLibrary (123)
[2016.08.07-11.39.39:331][696]LogModuleManager: Shutting down and abandoning module OculusInput (122)
[2016.08.07-11.39.39:331][696]LogModuleManager: Shutting down and abandoning module CustomMeshComponent (121)
[2016.08.07-11.39.39:347][696]LogModuleManager: Shutting down and abandoning module CableComponent (120)
[2016.08.07-11.39.39:347][696]LogModuleManager: Shutting down and abandoning module ArchVisCharacter (119)
[2016.08.07-11.39.39:347][696]LogModuleManager: Shutting down and abandoning module MediaPlayerEditor (118)
[2016.08.07-11.39.39:371][696]LogModuleManager: Shutting down and abandoning module HTML5Networking (117)
[2016.08.07-11.39.39:371][696]LogModuleManager: Shutting down and abandoning module SuperSearch (116)
[2016.08.07-11.39.39:371][696]LogModuleManager: Shutting down and abandoning module SuperSearchEditor (115)
[2016.08.07-11.39.39:371][696]LogModuleManager: Shutting down and abandoning module SpeedTreeImporter (114)
[2016.08.07-11.39.39:371][696]LogModuleManager: Shutting down and abandoning module PluginBrowser (113)
[2016.08.07-11.39.39:381][696]LogModuleManager: Shutting down and abandoning module EpicSurvey (112)
[2016.08.07-11.39.39:381][696]LogModuleManager: Shutting down and abandoning module DesktopPlatform (111)
[2016.08.07-11.39.39:396][696]LogModuleManager: Shutting down and abandoning module VisualStudioSourceCodeAccess (110)
[2016.08.07-11.39.39:396][696]LogModuleManager: Shutting down and abandoning module UObjectPlugin (109)
[2016.08.07-11.39.39:396][696]LogModuleManager: Shutting down and abandoning module SubversionSourceControl (108)
[2016.08.07-11.39.39:407][696]LogModuleManager: Shutting down and abandoning module PerforceSourceControl (107)
[2016.08.07-11.39.39:418][696]LogModuleManager: Shutting down and abandoning module SourceControl (106)
[2016.08.07-11.39.39:432][696]LogModuleManager: Shutting down and abandoning module GitSourceControl (105)
[2016.08.07-11.39.39:443][696]LogModuleManager: Shutting down and abandoning module LightPropagationVolumeEditor (104)
[2016.08.07-11.39.39:443][696]LogModuleManager: Shutting down and abandoning module PaperTiledImporter (103)
[2016.08.07-11.39.39:456][696]LogModuleManager: Shutting down and abandoning module PaperSpriteSheetImporter (102)
[2016.08.07-11.39.39:456][696]LogModuleManager: Shutting down and abandoning module MeshPaint (101)
[2016.08.07-11.39.39:470][696]LogModuleManager: Shutting down and abandoning module PixelInspectorModule (100)
[2016.08.07-11.39.39:517][696]LogModuleManager: Shutting down and abandoning module HotReload (99)
[2016.08.07-11.39.39:534][696]LogModuleManager: Shutting down and abandoning module MainFrame (98)
[2016.08.07-11.39.39:546][696]LogModuleManager: Shutting down and abandoning module LevelEditor (97)
[2016.08.07-11.39.39:550][696]LogModuleManager: Shutting down and abandoning module ContentBrowser (96)
[2016.08.07-11.39.39:552][696]LogModuleManager: Shutting down and abandoning module Paper2DEditor (95)
[2016.08.07-11.39.39:580][696]LogModuleManager: Shutting down and abandoning module UdpMessaging (94)
[2016.08.07-11.39.39:682][696]LogModuleManager: Shutting down and abandoning module LightPropagationVolumeRuntime (93)
[2016.08.07-11.39.39:682][696]LogModuleManager: Shutting down and abandoning module Paper2D (92)
[2016.08.07-11.39.39:706][696]LogModuleManager: Shutting down and abandoning module WindowsMoviePlayer (91)
[2016.08.07-11.39.39:706][696]LogModuleManager: Shutting down and abandoning module Media (90)
[2016.08.07-11.39.39:706][696]LogModuleManager: Shutting down and abandoning module WmfMedia (89)
[2016.08.07-11.39.39:725][696]LogModuleManager: Shutting down and abandoning module MediaAssets (88)
[2016.08.07-11.39.39:725][696]LogModuleManager: Shutting down and abandoning module GameLiveStreaming (87)
[2016.08.07-11.39.39:725][696]LogModuleManager: Shutting down and abandoning module GameplayTagsEditor (86)
[2016.08.07-11.39.39:725][696]LogModuleManager: Shutting down and abandoning module OnlineBlueprintSupport (85)
[2016.08.07-11.39.39:725][696]LogModuleManager: Shutting down and abandoning module VREditor (84)
[2016.08.07-11.39.39:743][696]LogModuleManager: Shutting down and abandoning module GameplayTasksEditor (83)
[2016.08.07-11.39.39:743][696]LogModuleManager: Shutting down and abandoning module PropertyEditor (82)
[2016.08.07-11.39.39:743][696]LogModuleManager: Shutting down and abandoning module BehaviorTreeEditor (81)
[2016.08.07-11.39.39:780][696]LogModuleManager: Shutting down and abandoning module FunctionalTesting (80)
[2016.08.07-11.39.39:780][696]LogModuleManager: Shutting down and abandoning module CollisionAnalyzer (79)
[2016.08.07-11.39.39:795][696]LogModuleManager: Shutting down and abandoning module Sequencer (78)
[2016.08.07-11.39.39:829][696]LogModuleManager: Shutting down and abandoning module WorkspaceMenuStructure (77)
[2016.08.07-11.39.39:829][696]LogModuleManager: Shutting down and abandoning module MessageLog (76)
[2016.08.07-11.39.39:829][696]LogModuleManager: Shutting down and abandoning module AssetTools (75)
[2016.08.07-11.39.39:853][696]LogModuleManager: Shutting down and abandoning module UMGEditor (74)
[2016.08.07-11.39.39:879][696]LogModuleManager: Shutting down and abandoning module UMG (73)
[2016.08.07-11.39.39:879][696]LogModuleManager: Shutting down and abandoning module SlateReflector (72)
[2016.08.07-11.39.39:913][696]LogModuleManager: Shutting down and abandoning module Slate (71)
[2016.08.07-11.39.39:913][696]LogModuleManager: Shutting down and abandoning module EditorStyle (70)
[2016.08.07-11.39.39:922][696]LogModuleManager: Shutting down and abandoning module SourceCodeAccess (69)
[2016.08.07-11.39.39:922][696]LogModuleManager: Shutting down and abandoning module HeadMountedDisplay (68)
[2016.08.07-11.39.39:923][696]LogModuleManager: Shutting down and abandoning module XAudio2 (67)
[2016.08.07-11.39.39:923][696]LogModuleManager: Shutting down and abandoning module Networking (65)
[2016.08.07-11.39.39:923][696]LogModuleManager: Shutting down and abandoning module Core (64)
[2016.08.07-11.39.39:923][696]LogModuleManager: Shutting down and abandoning module DirectoryWatcher (63)
[2016.08.07-11.39.39:924][696]LogModuleManager: Shutting down and abandoning module AssetRegistry (62)
[2016.08.07-11.39.40:132][696]LogModuleManager: Shutting down and abandoning module KismetCompiler (61)
[2016.08.07-11.39.40:132][696]LogModuleManager: Shutting down and abandoning module PhysXFormats (60)
[2016.08.07-11.39.40:132][696]LogModuleManager: Shutting down and abandoning module MeshUtilities (59)
[2016.08.07-11.39.40:158][696]LogModuleManager: Shutting down and abandoning module DerivedDataCache (58)
[2016.08.07-11.39.40:224][696]LogDerivedDataCache: Shutdown
[2016.08.07-11.39.40:224][696]LogModuleManager: Shutting down and abandoning module VulkanShaderFormat (57)
[2016.08.07-11.39.40:261][696]LogModuleManager: Shutting down and abandoning module ShaderFormatOpenGL (56)
[2016.08.07-11.39.40:268][696]LogModuleManager: Shutting down and abandoning module ShaderFormatD3D (55)
[2016.08.07-11.39.40:268][696]LogModuleManager: Shutting down and abandoning module MetalShaderFormat (54)
[2016.08.07-11.39.40:276][696]LogModuleManager: Shutting down and abandoning module TextureFormatUncompressed (53)
[2016.08.07-11.39.40:276][696]LogModuleManager: Shutting down and abandoning module TextureFormatPVR (52)
[2016.08.07-11.39.40:276][696]LogModuleManager: Shutting down and abandoning module TextureFormatIntelISPCTexComp (51)
[2016.08.07-11.39.40:277][696]LogModuleManager: Shutting down and abandoning module TextureFormatDXT (50)
[2016.08.07-11.39.40:277][696]LogModuleManager: Shutting down and abandoning module ImageWrapper (49)
[2016.08.07-11.39.40:277][696]LogModuleManager: Shutting down and abandoning module TextureFormatASTC (48)
[2016.08.07-11.39.40:277][696]LogModuleManager: Shutting down and abandoning module TextureFormatAndroid (47)
[2016.08.07-11.39.40:277][696]LogModuleManager: Shutting down and abandoning module AudioFormatOpus (46)
[2016.08.07-11.39.40:282][696]LogModuleManager: Shutting down and abandoning module AudioFormatOgg (45)
[2016.08.07-11.39.40:282][696]LogModuleManager: Shutting down and abandoning module AudioFormatADPCM (44)
[2016.08.07-11.39.40:283][696]LogModuleManager: Shutting down and abandoning module LinuxTargetPlatform (43)
[2016.08.07-11.39.40:283][696]LogModuleManager: Shutting down and abandoning module LinuxServerTargetPlatform (42)
[2016.08.07-11.39.40:283][696]LogModuleManager: Shutting down and abandoning module LinuxNoEditorTargetPlatform (41)
[2016.08.07-11.39.40:283][696]LogModuleManager: Shutting down and abandoning module TVOSTargetPlatform (40)
[2016.08.07-11.39.40:283][696]LogModuleManager: Shutting down and abandoning module Messaging (39)
[2016.08.07-11.39.40:283][696]LogModuleManager: Shutting down and abandoning module IOSTargetPlatform (38)
[2016.08.07-11.39.40:283][696]LogModuleManager: Shutting down and abandoning module HTML5TargetPlatform (37)
[2016.08.07-11.39.40:283][696]LogModuleManager: Shutting down and abandoning module Android_PVRTCTargetPlatform (36)
[2016.08.07-11.39.40:283][696]LogModuleManager: Shutting down and abandoning module Android_MultiTargetPlatform (35)
[2016.08.07-11.39.40:293][696]LogModuleManager: Shutting down and abandoning module Android_ETC2TargetPlatform (34)
[2016.08.07-11.39.40:293][696]LogModuleManager: Shutting down and abandoning module Android_ETC1TargetPlatform (33)
[2016.08.07-11.39.40:293][696]LogModuleManager: Shutting down and abandoning module Android_DXTTargetPlatform (32)
[2016.08.07-11.39.40:293][696]LogModuleManager: Shutting down and abandoning module Android_ATCTargetPlatform (31)
[2016.08.07-11.39.40:293][696]LogModuleManager: Shutting down and abandoning module Android_ASTCTargetPlatform (30)
[2016.08.07-11.39.40:293][696]LogModuleManager: Shutting down and abandoning module AndroidTargetPlatform (29)
[2016.08.07-11.39.40:293][696]LogModuleManager: Shutting down and ab